CRITICAL - 2022-05-13 02:32:37 --> Invalid file: .index
#0 C:\xampp\htdocs\wikiplace\system\View\View.php(198): CodeIgniter\Exceptions\FrameworkException::forInvalidFile('.index')
#1 C:\xampp\htdocs\wikiplace\system\Common.php(1089): CodeIgniter\View\View->render('.index', Array, true)
#2 C:\xampp\htdocs\wikiplace\app\Controllers\Home.php(9): view('.index')
#3 C:\xampp\htdocs\wikiplace\system\CodeIgniter.php(832): App\Controllers\Home->index()
#4 C:\xampp\htdocs\wikiplace\system\CodeIgniter.php(419): CodeIgniter\CodeIgniter->runController(Object(App\Controllers\Home))
#5 C:\xampp\htdocs\wikiplace\system\CodeIgniter.php(326): CodeIgniter\CodeIgniter->handleRequest(NULL, Object(Config\Cache), false)
#6 C:\xampp\htdocs\wikiplace\public\index.php(37): CodeIgniter\CodeIgniter->run()
#7 {main}
CRITICAL - 2022-05-13 02:32:40 --> Invalid file: .index
#0 C:\xampp\htdocs\wikiplace\system\View\View.php(198): CodeIgniter\Exceptions\FrameworkException::forInvalidFile('.index')
#1 C:\xampp\htdocs\wikiplace\system\Common.php(1089): CodeIgniter\View\View->render('.index', Array, true)
#2 C:\xampp\htdocs\wikiplace\app\Controllers\Home.php(9): view('.index')
#3 C:\xampp\htdocs\wikiplace\system\CodeIgniter.php(832): App\Controllers\Home->index()
#4 C:\xampp\htdocs\wikiplace\system\CodeIgniter.php(419): CodeIgniter\CodeIgniter->runController(Object(App\Controllers\Home))
#5 C:\xampp\htdocs\wikiplace\system\CodeIgniter.php(326): CodeIgniter\CodeIgniter->handleRequest(NULL, Object(Config\Cache), false)
#6 C:\xampp\htdocs\wikiplace\public\index.php(37): CodeIgniter\CodeIgniter->run()
#7 {main}
CRITICAL - 2022-05-13 02:33:06 --> Invalid file: .index
#0 C:\xampp\htdocs\wikiplace\system\View\View.php(198): CodeIgniter\Exceptions\FrameworkException::forInvalidFile('.index')
#1 C:\xampp\htdocs\wikiplace\system\Common.php(1089): CodeIgniter\View\View->render('.index', Array, true)
#2 C:\xampp\htdocs\wikiplace\app\Controllers\Home.php(9): view('.index')
#3 C:\xampp\htdocs\wikiplace\system\CodeIgniter.php(832): App\Controllers\Home->index()
#4 C:\xampp\htdocs\wikiplace\system\CodeIgniter.php(419): CodeIgniter\CodeIgniter->runController(Object(App\Controllers\Home))
#5 C:\xampp\htdocs\wikiplace\system\CodeIgniter.php(326): CodeIgniter\CodeIgniter->handleRequest(NULL, Object(Config\Cache), false)
#6 C:\xampp\htdocs\wikiplace\public\index.php(37): CodeIgniter\CodeIgniter->run()
#7 {main}
CRITICAL - 2022-05-13 02:33:07 --> Invalid file: .index
#0 C:\xampp\htdocs\wikiplace\system\View\View.php(198): CodeIgniter\Exceptions\FrameworkException::forInvalidFile('.index')
#1 C:\xampp\htdocs\wikiplace\system\Common.php(1089): CodeIgniter\View\View->render('.index', Array, true)
#2 C:\xampp\htdocs\wikiplace\app\Controllers\Home.php(9): view('.index')
#3 C:\xampp\htdocs\wikiplace\system\CodeIgniter.php(832): App\Controllers\Home->index()
#4 C:\xampp\htdocs\wikiplace\system\CodeIgniter.php(419): CodeIgniter\CodeIgniter->runController(Object(App\Controllers\Home))
#5 C:\xampp\htdocs\wikiplace\system\CodeIgniter.php(326): CodeIgniter\CodeIgniter->handleRequest(NULL, Object(Config\Cache), false)
#6 C:\xampp\htdocs\wikiplace\public\index.php(37): CodeIgniter\CodeIgniter->run()
#7 {main}
CRITICAL - 2022-05-13 02:33:08 --> Invalid file: .index
#0 C:\xampp\htdocs\wikiplace\system\View\View.php(198): CodeIgniter\Exceptions\FrameworkException::forInvalidFile('.index')
#1 C:\xampp\htdocs\wikiplace\system\Common.php(1089): CodeIgniter\View\View->render('.index', Array, true)
#2 C:\xampp\htdocs\wikiplace\app\Controllers\Home.php(9): view('.index')
#3 C:\xampp\htdocs\wikiplace\system\CodeIgniter.php(832): App\Controllers\Home->index()
#4 C:\xampp\htdocs\wikiplace\system\CodeIgniter.php(419): CodeIgniter\CodeIgniter->runController(Object(App\Controllers\Home))
#5 C:\xampp\htdocs\wikiplace\system\CodeIgniter.php(326): CodeIgniter\CodeIgniter->handleRequest(NULL, Object(Config\Cache), false)
#6 C:\xampp\htdocs\wikiplace\public\index.php(37): CodeIgniter\CodeIgniter->run()
#7 {main}
CRITICAL - 2022-05-13 02:48:52 --> Invalid file: !menu.php
#0 C:\xampp\htdocs\wikiplace\system\View\View.php(198): CodeIgniter\Exceptions\FrameworkException::forInvalidFile('!menu.php')
#1 C:\xampp\htdocs\wikiplace\system\Common.php(1089): CodeIgniter\View\View->render('!menu', Array, true)
#2 C:\xampp\htdocs\wikiplace\app\Controllers\Home.php(10): view('!menu')
#3 C:\xampp\htdocs\wikiplace\system\CodeIgniter.php(832): App\Controllers\Home->index()
#4 C:\xampp\htdocs\wikiplace\system\CodeIgniter.php(419): CodeIgniter\CodeIgniter->runController(Object(App\Controllers\Home))
#5 C:\xampp\htdocs\wikiplace\system\CodeIgniter.php(326): CodeIgniter\CodeIgniter->handleRequest(NULL, Object(Config\Cache), false)
#6 C:\xampp\htdocs\wikiplace\public\index.php(37): CodeIgniter\CodeIgniter->run()
#7 {main}
CRITICAL - 2022-05-13 02:48:54 --> Invalid file: !menu.php
#0 C:\xampp\htdocs\wikiplace\system\View\View.php(198): CodeIgniter\Exceptions\FrameworkException::forInvalidFile('!menu.php')
#1 C:\xampp\htdocs\wikiplace\system\Common.php(1089): CodeIgniter\View\View->render('!menu', Array, true)
#2 C:\xampp\htdocs\wikiplace\app\Controllers\Home.php(10): view('!menu')
#3 C:\xampp\htdocs\wikiplace\system\CodeIgniter.php(832): App\Controllers\Home->index()
#4 C:\xampp\htdocs\wikiplace\system\CodeIgniter.php(419): CodeIgniter\CodeIgniter->runController(Object(App\Controllers\Home))
#5 C:\xampp\htdocs\wikiplace\system\CodeIgniter.php(326): CodeIgniter\CodeIgniter->handleRequest(NULL, Object(Config\Cache), false)
#6 C:\xampp\htdocs\wikiplace\public\index.php(37): CodeIgniter\CodeIgniter->run()
#7 {main}
CRITICAL - 2022-05-13 02:49:54 --> Invalid file: !menu.php
#0 C:\xampp\htdocs\wikiplace\system\View\View.php(198): CodeIgniter\Exceptions\FrameworkException::forInvalidFile('!menu.php')
#1 C:\xampp\htdocs\wikiplace\system\Common.php(1089): CodeIgniter\View\View->render('!menu', Array, true)
#2 C:\xampp\htdocs\wikiplace\app\Controllers\Home.php(10): view('!menu')
#3 C:\xampp\htdocs\wikiplace\system\CodeIgniter.php(832): App\Controllers\Home->index()
#4 C:\xampp\htdocs\wikiplace\system\CodeIgniter.php(419): CodeIgniter\CodeIgniter->runController(Object(App\Controllers\Home))
#5 C:\xampp\htdocs\wikiplace\system\CodeIgniter.php(326): CodeIgniter\CodeIgniter->handleRequest(NULL, Object(Config\Cache), false)
#6 C:\xampp\htdocs\wikiplace\public\index.php(37): CodeIgniter\CodeIgniter->run()
#7 {main}
CRITICAL - 2022-05-13 02:49:55 --> Invalid file: !menu.php
#0 C:\xampp\htdocs\wikiplace\system\View\View.php(198): CodeIgniter\Exceptions\FrameworkException::forInvalidFile('!menu.php')
#1 C:\xampp\htdocs\wikiplace\system\Common.php(1089): CodeIgniter\View\View->render('!menu', Array, true)
#2 C:\xampp\htdocs\wikiplace\app\Controllers\Home.php(10): view('!menu')
#3 C:\xampp\htdocs\wikiplace\system\CodeIgniter.php(832): App\Controllers\Home->index()
#4 C:\xampp\htdocs\wikiplace\system\CodeIgniter.php(419): CodeIgniter\CodeIgniter->runController(Object(App\Controllers\Home))
#5 C:\xampp\htdocs\wikiplace\system\CodeIgniter.php(326): CodeIgniter\CodeIgniter->handleRequest(NULL, Object(Config\Cache), false)
#6 C:\xampp\htdocs\wikiplace\public\index.php(37): CodeIgniter\CodeIgniter->run()
#7 {main}
CRITICAL - 2022-05-13 02:50:38 --> Invalid file: !menu.php
#0 C:\xampp\htdocs\wikiplace\system\View\View.php(198): CodeIgniter\Exceptions\FrameworkException::forInvalidFile('!menu.php')
#1 C:\xampp\htdocs\wikiplace\system\Common.php(1089): CodeIgniter\View\View->render('!menu', Array, true)
#2 C:\xampp\htdocs\wikiplace\app\Controllers\Home.php(10): view('!menu')
#3 C:\xampp\htdocs\wikiplace\system\CodeIgniter.php(832): App\Controllers\Home->index()
#4 C:\xampp\htdocs\wikiplace\system\CodeIgniter.php(419): CodeIgniter\CodeIgniter->runController(Object(App\Controllers\Home))
#5 C:\xampp\htdocs\wikiplace\system\CodeIgniter.php(326): CodeIgniter\CodeIgniter->handleRequest(NULL, Object(Config\Cache), false)
#6 C:\xampp\htdocs\wikiplace\public\index.php(37): CodeIgniter\CodeIgniter->run()
#7 {main}
CRITICAL - 2022-05-13 02:50:38 --> Invalid file: !menu.php
#0 C:\xampp\htdocs\wikiplace\system\View\View.php(198): CodeIgniter\Exceptions\FrameworkException::forInvalidFile('!menu.php')
#1 C:\xampp\htdocs\wikiplace\system\Common.php(1089): CodeIgniter\View\View->render('!menu', Array, true)
#2 C:\xampp\htdocs\wikiplace\app\Controllers\Home.php(10): view('!menu')
#3 C:\xampp\htdocs\wikiplace\system\CodeIgniter.php(832): App\Controllers\Home->index()
#4 C:\xampp\htdocs\wikiplace\system\CodeIgniter.php(419): CodeIgniter\CodeIgniter->runController(Object(App\Controllers\Home))
#5 C:\xampp\htdocs\wikiplace\system\CodeIgniter.php(326): CodeIgniter\CodeIgniter->handleRequest(NULL, Object(Config\Cache), false)
#6 C:\xampp\htdocs\wikiplace\public\index.php(37): CodeIgniter\CodeIgniter->run()
#7 {main}
CRITICAL - 2022-05-13 02:50:38 --> Invalid file: !menu.php
#0 C:\xampp\htdocs\wikiplace\system\View\View.php(198): CodeIgniter\Exceptions\FrameworkException::forInvalidFile('!menu.php')
#1 C:\xampp\htdocs\wikiplace\system\Common.php(1089): CodeIgniter\View\View->render('!menu', Array, true)
#2 C:\xampp\htdocs\wikiplace\app\Controllers\Home.php(10): view('!menu')
#3 C:\xampp\htdocs\wikiplace\system\CodeIgniter.php(832): App\Controllers\Home->index()
#4 C:\xampp\htdocs\wikiplace\system\CodeIgniter.php(419): CodeIgniter\CodeIgniter->runController(Object(App\Controllers\Home))
#5 C:\xampp\htdocs\wikiplace\system\CodeIgniter.php(326): CodeIgniter\CodeIgniter->handleRequest(NULL, Object(Config\Cache), false)
#6 C:\xampp\htdocs\wikiplace\public\index.php(37): CodeIgniter\CodeIgniter->run()
#7 {main}
CRITICAL - 2022-05-13 02:50:38 --> Invalid file: !menu.php
#0 C:\xampp\htdocs\wikiplace\system\View\View.php(198): CodeIgniter\Exceptions\FrameworkException::forInvalidFile('!menu.php')
#1 C:\xampp\htdocs\wikiplace\system\Common.php(1089): CodeIgniter\View\View->render('!menu', Array, true)
#2 C:\xampp\htdocs\wikiplace\app\Controllers\Home.php(10): view('!menu')
#3 C:\xampp\htdocs\wikiplace\system\CodeIgniter.php(832): App\Controllers\Home->index()
#4 C:\xampp\htdocs\wikiplace\system\CodeIgniter.php(419): CodeIgniter\CodeIgniter->runController(Object(App\Controllers\Home))
#5 C:\xampp\htdocs\wikiplace\system\CodeIgniter.php(326): CodeIgniter\CodeIgniter->handleRequest(NULL, Object(Config\Cache), false)
#6 C:\xampp\htdocs\wikiplace\public\index.php(37): CodeIgniter\CodeIgniter->run()
#7 {main}
CRITICAL - 2022-05-13 02:50:38 --> Invalid file: !menu.php
#0 C:\xampp\htdocs\wikiplace\system\View\View.php(198): CodeIgniter\Exceptions\FrameworkException::forInvalidFile('!menu.php')
#1 C:\xampp\htdocs\wikiplace\system\Common.php(1089): CodeIgniter\View\View->render('!menu', Array, true)
#2 C:\xampp\htdocs\wikiplace\app\Controllers\Home.php(10): view('!menu')
#3 C:\xampp\htdocs\wikiplace\system\CodeIgniter.php(832): App\Controllers\Home->index()
#4 C:\xampp\htdocs\wikiplace\system\CodeIgniter.php(419): CodeIgniter\CodeIgniter->runController(Object(App\Controllers\Home))
#5 C:\xampp\htdocs\wikiplace\system\CodeIgniter.php(326): CodeIgniter\CodeIgniter->handleRequest(NULL, Object(Config\Cache), false)
#6 C:\xampp\htdocs\wikiplace\public\index.php(37): CodeIgniter\CodeIgniter->run()
#7 {main}
