CRITICAL - 2022-05-19 01:40:28 --> Undefined array key "id_category"
#0 C:\xampp\htdocs\wikiplace\app\Controllers\Admin.php(94): CodeIgniter\Debug\Exceptions->errorHandler(2, 'Undefined array...', 'C:\\xampp\\htdocs...', 94)
#1 C:\xampp\htdocs\wikiplace\system\CodeIgniter.php(832): App\Controllers\Admin->editCategory()
#2 C:\xampp\htdocs\wikiplace\system\CodeIgniter.php(419): CodeIgniter\CodeIgniter->runController(Object(App\Controllers\Admin))
#3 C:\xampp\htdocs\wikiplace\system\CodeIgniter.php(326): CodeIgniter\CodeIgniter->handleRequest(NULL, Object(Config\Cache), false)
#4 C:\xampp\htdocs\wikiplace\index.php(37): CodeIgniter\CodeIgniter->run()
#5 {main}
CRITICAL - 2022-05-19 01:40:51 --> Undefined array key "id_category"
#0 C:\xampp\htdocs\wikiplace\app\Controllers\Admin.php(94): CodeIgniter\Debug\Exceptions->errorHandler(2, 'Undefined array...', 'C:\\xampp\\htdocs...', 94)
#1 C:\xampp\htdocs\wikiplace\system\CodeIgniter.php(832): App\Controllers\Admin->editCategory()
#2 C:\xampp\htdocs\wikiplace\system\CodeIgniter.php(419): CodeIgniter\CodeIgniter->runController(Object(App\Controllers\Admin))
#3 C:\xampp\htdocs\wikiplace\system\CodeIgniter.php(326): CodeIgniter\CodeIgniter->handleRequest(NULL, Object(Config\Cache), false)
#4 C:\xampp\htdocs\wikiplace\index.php(37): CodeIgniter\CodeIgniter->run()
#5 {main}
CRITICAL - 2022-05-19 01:40:51 --> Undefined array key "id_category"
#0 C:\xampp\htdocs\wikiplace\app\Controllers\Admin.php(94): CodeIgniter\Debug\Exceptions->errorHandler(2, 'Undefined array...', 'C:\\xampp\\htdocs...', 94)
#1 C:\xampp\htdocs\wikiplace\system\CodeIgniter.php(832): App\Controllers\Admin->editCategory()
#2 C:\xampp\htdocs\wikiplace\system\CodeIgniter.php(419): CodeIgniter\CodeIgniter->runController(Object(App\Controllers\Admin))
#3 C:\xampp\htdocs\wikiplace\system\CodeIgniter.php(326): CodeIgniter\CodeIgniter->handleRequest(NULL, Object(Config\Cache), false)
#4 C:\xampp\htdocs\wikiplace\index.php(37): CodeIgniter\CodeIgniter->run()
#5 {main}
CRITICAL - 2022-05-19 01:41:26 --> Object of class CodeIgniter\Database\MySQLi\Builder could not be converted to string
#0 C:\xampp\htdocs\wikiplace\system\CodeIgniter.php(832): App\Controllers\Admin->editCategory()
#1 C:\xampp\htdocs\wikiplace\system\CodeIgniter.php(419): CodeIgniter\CodeIgniter->runController(Object(App\Controllers\Admin))
#2 C:\xampp\htdocs\wikiplace\system\CodeIgniter.php(326): CodeIgniter\CodeIgniter->handleRequest(NULL, Object(Config\Cache), false)
#3 C:\xampp\htdocs\wikiplace\index.php(37): CodeIgniter\CodeIgniter->run()
#4 {main}
CRITICAL - 2022-05-19 01:45:40 --> Undefined array key "id_category"
#0 C:\xampp\htdocs\wikiplace\app\Controllers\Admin.php(94): CodeIgniter\Debug\Exceptions->errorHandler(2, 'Undefined array...', 'C:\\xampp\\htdocs...', 94)
#1 C:\xampp\htdocs\wikiplace\system\CodeIgniter.php(832): App\Controllers\Admin->editCategory()
#2 C:\xampp\htdocs\wikiplace\system\CodeIgniter.php(419): CodeIgniter\CodeIgniter->runController(Object(App\Controllers\Admin))
#3 C:\xampp\htdocs\wikiplace\system\CodeIgniter.php(326): CodeIgniter\CodeIgniter->handleRequest(NULL, Object(Config\Cache), false)
#4 C:\xampp\htdocs\wikiplace\index.php(37): CodeIgniter\CodeIgniter->run()
#5 {main}
CRITICAL - 2022-05-19 01:45:49 --> Undefined array key "id_category"
#0 C:\xampp\htdocs\wikiplace\app\Controllers\Admin.php(94): CodeIgniter\Debug\Exceptions->errorHandler(2, 'Undefined array...', 'C:\\xampp\\htdocs...', 94)
#1 C:\xampp\htdocs\wikiplace\system\CodeIgniter.php(832): App\Controllers\Admin->editCategory()
#2 C:\xampp\htdocs\wikiplace\system\CodeIgniter.php(419): CodeIgniter\CodeIgniter->runController(Object(App\Controllers\Admin))
#3 C:\xampp\htdocs\wikiplace\system\CodeIgniter.php(326): CodeIgniter\CodeIgniter->handleRequest(NULL, Object(Config\Cache), false)
#4 C:\xampp\htdocs\wikiplace\index.php(37): CodeIgniter\CodeIgniter->run()
#5 {main}
CRITICAL - 2022-05-19 01:53:02 --> Undefined array key 6
#0 C:\xampp\htdocs\wikiplace\app\Controllers\Admin.php(94): CodeIgniter\Debug\Exceptions->errorHandler(2, 'Undefined array...', 'C:\\xampp\\htdocs...', 94)
#1 C:\xampp\htdocs\wikiplace\system\CodeIgniter.php(832): App\Controllers\Admin->editCategory()
#2 C:\xampp\htdocs\wikiplace\system\CodeIgniter.php(419): CodeIgniter\CodeIgniter->runController(Object(App\Controllers\Admin))
#3 C:\xampp\htdocs\wikiplace\system\CodeIgniter.php(326): CodeIgniter\CodeIgniter->handleRequest(NULL, Object(Config\Cache), false)
#4 C:\xampp\htdocs\wikiplace\index.php(37): CodeIgniter\CodeIgniter->run()
#5 {main}
CRITICAL - 2022-05-19 01:53:21 --> Undefined array key 6
#0 C:\xampp\htdocs\wikiplace\app\Controllers\Admin.php(94): CodeIgniter\Debug\Exceptions->errorHandler(2, 'Undefined array...', 'C:\\xampp\\htdocs...', 94)
#1 C:\xampp\htdocs\wikiplace\system\CodeIgniter.php(832): App\Controllers\Admin->editCategory()
#2 C:\xampp\htdocs\wikiplace\system\CodeIgniter.php(419): CodeIgniter\CodeIgniter->runController(Object(App\Controllers\Admin))
#3 C:\xampp\htdocs\wikiplace\system\CodeIgniter.php(326): CodeIgniter\CodeIgniter->handleRequest(NULL, Object(Config\Cache), false)
#4 C:\xampp\htdocs\wikiplace\index.php(37): CodeIgniter\CodeIgniter->run()
#5 {main}
CRITICAL - 2022-05-19 01:53:22 --> Undefined array key 6
#0 C:\xampp\htdocs\wikiplace\app\Controllers\Admin.php(94): CodeIgniter\Debug\Exceptions->errorHandler(2, 'Undefined array...', 'C:\\xampp\\htdocs...', 94)
#1 C:\xampp\htdocs\wikiplace\system\CodeIgniter.php(832): App\Controllers\Admin->editCategory()
#2 C:\xampp\htdocs\wikiplace\system\CodeIgniter.php(419): CodeIgniter\CodeIgniter->runController(Object(App\Controllers\Admin))
#3 C:\xampp\htdocs\wikiplace\system\CodeIgniter.php(326): CodeIgniter\CodeIgniter->handleRequest(NULL, Object(Config\Cache), false)
#4 C:\xampp\htdocs\wikiplace\index.php(37): CodeIgniter\CodeIgniter->run()
#5 {main}
CRITICAL - 2022-05-19 01:53:25 --> Undefined array key 6
#0 C:\xampp\htdocs\wikiplace\app\Controllers\Admin.php(94): CodeIgniter\Debug\Exceptions->errorHandler(2, 'Undefined array...', 'C:\\xampp\\htdocs...', 94)
#1 C:\xampp\htdocs\wikiplace\system\CodeIgniter.php(832): App\Controllers\Admin->editCategory()
#2 C:\xampp\htdocs\wikiplace\system\CodeIgniter.php(419): CodeIgniter\CodeIgniter->runController(Object(App\Controllers\Admin))
#3 C:\xampp\htdocs\wikiplace\system\CodeIgniter.php(326): CodeIgniter\CodeIgniter->handleRequest(NULL, Object(Config\Cache), false)
#4 C:\xampp\htdocs\wikiplace\index.php(37): CodeIgniter\CodeIgniter->run()
#5 {main}
CRITICAL - 2022-05-19 01:53:36 --> Undefined array key 6
#0 C:\xampp\htdocs\wikiplace\app\Controllers\Admin.php(94): CodeIgniter\Debug\Exceptions->errorHandler(2, 'Undefined array...', 'C:\\xampp\\htdocs...', 94)
#1 C:\xampp\htdocs\wikiplace\system\CodeIgniter.php(832): App\Controllers\Admin->editCategory()
#2 C:\xampp\htdocs\wikiplace\system\CodeIgniter.php(419): CodeIgniter\CodeIgniter->runController(Object(App\Controllers\Admin))
#3 C:\xampp\htdocs\wikiplace\system\CodeIgniter.php(326): CodeIgniter\CodeIgniter->handleRequest(NULL, Object(Config\Cache), false)
#4 C:\xampp\htdocs\wikiplace\index.php(37): CodeIgniter\CodeIgniter->run()
#5 {main}
CRITICAL - 2022-05-19 01:53:37 --> Undefined array key 6
#0 C:\xampp\htdocs\wikiplace\app\Controllers\Admin.php(94): CodeIgniter\Debug\Exceptions->errorHandler(2, 'Undefined array...', 'C:\\xampp\\htdocs...', 94)
#1 C:\xampp\htdocs\wikiplace\system\CodeIgniter.php(832): App\Controllers\Admin->editCategory()
#2 C:\xampp\htdocs\wikiplace\system\CodeIgniter.php(419): CodeIgniter\CodeIgniter->runController(Object(App\Controllers\Admin))
#3 C:\xampp\htdocs\wikiplace\system\CodeIgniter.php(326): CodeIgniter\CodeIgniter->handleRequest(NULL, Object(Config\Cache), false)
#4 C:\xampp\htdocs\wikiplace\index.php(37): CodeIgniter\CodeIgniter->run()
#5 {main}
CRITICAL - 2022-05-19 01:53:40 --> Undefined array key 6
#0 C:\xampp\htdocs\wikiplace\app\Controllers\Admin.php(94): CodeIgniter\Debug\Exceptions->errorHandler(2, 'Undefined array...', 'C:\\xampp\\htdocs...', 94)
#1 C:\xampp\htdocs\wikiplace\system\CodeIgniter.php(832): App\Controllers\Admin->editCategory()
#2 C:\xampp\htdocs\wikiplace\system\CodeIgniter.php(419): CodeIgniter\CodeIgniter->runController(Object(App\Controllers\Admin))
#3 C:\xampp\htdocs\wikiplace\system\CodeIgniter.php(326): CodeIgniter\CodeIgniter->handleRequest(NULL, Object(Config\Cache), false)
#4 C:\xampp\htdocs\wikiplace\index.php(37): CodeIgniter\CodeIgniter->run()
#5 {main}
CRITICAL - 2022-05-19 01:55:45 --> Undefined array key 6
#0 C:\xampp\htdocs\wikiplace\app\Controllers\Admin.php(94): CodeIgniter\Debug\Exceptions->errorHandler(2, 'Undefined array...', 'C:\\xampp\\htdocs...', 94)
#1 C:\xampp\htdocs\wikiplace\system\CodeIgniter.php(832): App\Controllers\Admin->editCategory()
#2 C:\xampp\htdocs\wikiplace\system\CodeIgniter.php(419): CodeIgniter\CodeIgniter->runController(Object(App\Controllers\Admin))
#3 C:\xampp\htdocs\wikiplace\system\CodeIgniter.php(326): CodeIgniter\CodeIgniter->handleRequest(NULL, Object(Config\Cache), false)
#4 C:\xampp\htdocs\wikiplace\index.php(37): CodeIgniter\CodeIgniter->run()
#5 {main}
CRITICAL - 2022-05-19 01:59:10 --> Undefined variable $name_category
#0 C:\xampp\htdocs\wikiplace\app\Views\admin\edit_category.php(32): CodeIgniter\Debug\Exceptions->errorHandler(2, 'Undefined varia...', 'C:\\xampp\\htdocs...', 32)
#1 C:\xampp\htdocs\wikiplace\system\View\View.php(210): include('C:\\xampp\\htdocs...')
#2 C:\xampp\htdocs\wikiplace\system\View\View.php(213): CodeIgniter\View\View->CodeIgniter\View\{closure}()
#3 C:\xampp\htdocs\wikiplace\system\Common.php(1089): CodeIgniter\View\View->render('admin/edit_cate...', Array, true)
#4 C:\xampp\htdocs\wikiplace\app\Controllers\Admin.php(96): view('admin/edit_cate...', Array)
#5 C:\xampp\htdocs\wikiplace\system\CodeIgniter.php(832): App\Controllers\Admin->editCategory()
#6 C:\xampp\htdocs\wikiplace\system\CodeIgniter.php(419): CodeIgniter\CodeIgniter->runController(Object(App\Controllers\Admin))
#7 C:\xampp\htdocs\wikiplace\system\CodeIgniter.php(326): CodeIgniter\CodeIgniter->handleRequest(NULL, Object(Config\Cache), false)
#8 C:\xampp\htdocs\wikiplace\index.php(37): CodeIgniter\CodeIgniter->run()
#9 {main}
CRITICAL - 2022-05-19 01:59:12 --> Undefined variable $name_category
#0 C:\xampp\htdocs\wikiplace\app\Views\admin\edit_category.php(32): CodeIgniter\Debug\Exceptions->errorHandler(2, 'Undefined varia...', 'C:\\xampp\\htdocs...', 32)
#1 C:\xampp\htdocs\wikiplace\system\View\View.php(210): include('C:\\xampp\\htdocs...')
#2 C:\xampp\htdocs\wikiplace\system\View\View.php(213): CodeIgniter\View\View->CodeIgniter\View\{closure}()
#3 C:\xampp\htdocs\wikiplace\system\Common.php(1089): CodeIgniter\View\View->render('admin/edit_cate...', Array, true)
#4 C:\xampp\htdocs\wikiplace\app\Controllers\Admin.php(96): view('admin/edit_cate...', Array)
#5 C:\xampp\htdocs\wikiplace\system\CodeIgniter.php(832): App\Controllers\Admin->editCategory()
#6 C:\xampp\htdocs\wikiplace\system\CodeIgniter.php(419): CodeIgniter\CodeIgniter->runController(Object(App\Controllers\Admin))
#7 C:\xampp\htdocs\wikiplace\system\CodeIgniter.php(326): CodeIgniter\CodeIgniter->handleRequest(NULL, Object(Config\Cache), false)
#8 C:\xampp\htdocs\wikiplace\index.php(37): CodeIgniter\CodeIgniter->run()
#9 {main}
CRITICAL - 2022-05-19 01:59:12 --> Undefined variable $name_category
#0 C:\xampp\htdocs\wikiplace\app\Views\admin\edit_category.php(32): CodeIgniter\Debug\Exceptions->errorHandler(2, 'Undefined varia...', 'C:\\xampp\\htdocs...', 32)
#1 C:\xampp\htdocs\wikiplace\system\View\View.php(210): include('C:\\xampp\\htdocs...')
#2 C:\xampp\htdocs\wikiplace\system\View\View.php(213): CodeIgniter\View\View->CodeIgniter\View\{closure}()
#3 C:\xampp\htdocs\wikiplace\system\Common.php(1089): CodeIgniter\View\View->render('admin/edit_cate...', Array, true)
#4 C:\xampp\htdocs\wikiplace\app\Controllers\Admin.php(96): view('admin/edit_cate...', Array)
#5 C:\xampp\htdocs\wikiplace\system\CodeIgniter.php(832): App\Controllers\Admin->editCategory()
#6 C:\xampp\htdocs\wikiplace\system\CodeIgniter.php(419): CodeIgniter\CodeIgniter->runController(Object(App\Controllers\Admin))
#7 C:\xampp\htdocs\wikiplace\system\CodeIgniter.php(326): CodeIgniter\CodeIgniter->handleRequest(NULL, Object(Config\Cache), false)
#8 C:\xampp\htdocs\wikiplace\index.php(37): CodeIgniter\CodeIgniter->run()
#9 {main}
CRITICAL - 2022-05-19 01:59:13 --> Undefined variable $name_category
#0 C:\xampp\htdocs\wikiplace\app\Views\admin\edit_category.php(32): CodeIgniter\Debug\Exceptions->errorHandler(2, 'Undefined varia...', 'C:\\xampp\\htdocs...', 32)
#1 C:\xampp\htdocs\wikiplace\system\View\View.php(210): include('C:\\xampp\\htdocs...')
#2 C:\xampp\htdocs\wikiplace\system\View\View.php(213): CodeIgniter\View\View->CodeIgniter\View\{closure}()
#3 C:\xampp\htdocs\wikiplace\system\Common.php(1089): CodeIgniter\View\View->render('admin/edit_cate...', Array, true)
#4 C:\xampp\htdocs\wikiplace\app\Controllers\Admin.php(96): view('admin/edit_cate...', Array)
#5 C:\xampp\htdocs\wikiplace\system\CodeIgniter.php(832): App\Controllers\Admin->editCategory()
#6 C:\xampp\htdocs\wikiplace\system\CodeIgniter.php(419): CodeIgniter\CodeIgniter->runController(Object(App\Controllers\Admin))
#7 C:\xampp\htdocs\wikiplace\system\CodeIgniter.php(326): CodeIgniter\CodeIgniter->handleRequest(NULL, Object(Config\Cache), false)
#8 C:\xampp\htdocs\wikiplace\index.php(37): CodeIgniter\CodeIgniter->run()
#9 {main}
CRITICAL - 2022-05-19 02:01:42 --> Undefined variable $name_category
#0 C:\xampp\htdocs\wikiplace\app\Views\admin\edit_category.php(32): CodeIgniter\Debug\Exceptions->errorHandler(2, 'Undefined varia...', 'C:\\xampp\\htdocs...', 32)
#1 C:\xampp\htdocs\wikiplace\system\View\View.php(210): include('C:\\xampp\\htdocs...')
#2 C:\xampp\htdocs\wikiplace\system\View\View.php(213): CodeIgniter\View\View->CodeIgniter\View\{closure}()
#3 C:\xampp\htdocs\wikiplace\system\Common.php(1089): CodeIgniter\View\View->render('admin/edit_cate...', Array, true)
#4 C:\xampp\htdocs\wikiplace\app\Controllers\Admin.php(96): view('admin/edit_cate...', Array)
#5 C:\xampp\htdocs\wikiplace\system\CodeIgniter.php(832): App\Controllers\Admin->editCategory()
#6 C:\xampp\htdocs\wikiplace\system\CodeIgniter.php(419): CodeIgniter\CodeIgniter->runController(Object(App\Controllers\Admin))
#7 C:\xampp\htdocs\wikiplace\system\CodeIgniter.php(326): CodeIgniter\CodeIgniter->handleRequest(NULL, Object(Config\Cache), false)
#8 C:\xampp\htdocs\wikiplace\index.php(37): CodeIgniter\CodeIgniter->run()
#9 {main}
CRITICAL - 2022-05-19 02:02:17 --> Undefined variable $name_category
#0 C:\xampp\htdocs\wikiplace\app\Views\admin\edit_category.php(32): CodeIgniter\Debug\Exceptions->errorHandler(2, 'Undefined varia...', 'C:\\xampp\\htdocs...', 32)
#1 C:\xampp\htdocs\wikiplace\system\View\View.php(210): include('C:\\xampp\\htdocs...')
#2 C:\xampp\htdocs\wikiplace\system\View\View.php(213): CodeIgniter\View\View->CodeIgniter\View\{closure}()
#3 C:\xampp\htdocs\wikiplace\system\Common.php(1089): CodeIgniter\View\View->render('admin/edit_cate...', Array, true)
#4 C:\xampp\htdocs\wikiplace\app\Controllers\Admin.php(96): view('admin/edit_cate...', Array)
#5 C:\xampp\htdocs\wikiplace\system\CodeIgniter.php(832): App\Controllers\Admin->editCategory()
#6 C:\xampp\htdocs\wikiplace\system\CodeIgniter.php(419): CodeIgniter\CodeIgniter->runController(Object(App\Controllers\Admin))
#7 C:\xampp\htdocs\wikiplace\system\CodeIgniter.php(326): CodeIgniter\CodeIgniter->handleRequest(NULL, Object(Config\Cache), false)
#8 C:\xampp\htdocs\wikiplace\index.php(37): CodeIgniter\CodeIgniter->run()
#9 {main}
CRITICAL - 2022-05-19 02:03:18 --> Undefined variable $name_category
#0 C:\xampp\htdocs\wikiplace\app\Views\admin\edit_category.php(32): CodeIgniter\Debug\Exceptions->errorHandler(2, 'Undefined varia...', 'C:\\xampp\\htdocs...', 32)
#1 C:\xampp\htdocs\wikiplace\system\View\View.php(210): include('C:\\xampp\\htdocs...')
#2 C:\xampp\htdocs\wikiplace\system\View\View.php(213): CodeIgniter\View\View->CodeIgniter\View\{closure}()
#3 C:\xampp\htdocs\wikiplace\system\Common.php(1089): CodeIgniter\View\View->render('admin/edit_cate...', Array, true)
#4 C:\xampp\htdocs\wikiplace\app\Controllers\Admin.php(96): view('admin/edit_cate...', Array)
#5 C:\xampp\htdocs\wikiplace\system\CodeIgniter.php(832): App\Controllers\Admin->editCategory()
#6 C:\xampp\htdocs\wikiplace\system\CodeIgniter.php(419): CodeIgniter\CodeIgniter->runController(Object(App\Controllers\Admin))
#7 C:\xampp\htdocs\wikiplace\system\CodeIgniter.php(326): CodeIgniter\CodeIgniter->handleRequest(NULL, Object(Config\Cache), false)
#8 C:\xampp\htdocs\wikiplace\index.php(37): CodeIgniter\CodeIgniter->run()
#9 {main}
CRITICAL - 2022-05-19 02:23:21 --> Undefined array key "id_category"
#0 C:\xampp\htdocs\wikiplace\app\Controllers\Admin.php(98): CodeIgniter\Debug\Exceptions->errorHandler(2, 'Undefined array...', 'C:\\xampp\\htdocs...', 98)
#1 C:\xampp\htdocs\wikiplace\system\CodeIgniter.php(832): App\Controllers\Admin->editCategory()
#2 C:\xampp\htdocs\wikiplace\system\CodeIgniter.php(419): CodeIgniter\CodeIgniter->runController(Object(App\Controllers\Admin))
#3 C:\xampp\htdocs\wikiplace\system\CodeIgniter.php(326): CodeIgniter\CodeIgniter->handleRequest(NULL, Object(Config\Cache), false)
#4 C:\xampp\htdocs\wikiplace\index.php(37): CodeIgniter\CodeIgniter->run()
#5 {main}
CRITICAL - 2022-05-19 02:24:27 --> Undefined array key "id_category"
#0 C:\xampp\htdocs\wikiplace\app\Controllers\Admin.php(98): CodeIgniter\Debug\Exceptions->errorHandler(2, 'Undefined array...', 'C:\\xampp\\htdocs...', 98)
#1 C:\xampp\htdocs\wikiplace\system\CodeIgniter.php(832): App\Controllers\Admin->editCategory()
#2 C:\xampp\htdocs\wikiplace\system\CodeIgniter.php(419): CodeIgniter\CodeIgniter->runController(Object(App\Controllers\Admin))
#3 C:\xampp\htdocs\wikiplace\system\CodeIgniter.php(326): CodeIgniter\CodeIgniter->handleRequest(NULL, Object(Config\Cache), false)
#4 C:\xampp\htdocs\wikiplace\index.php(37): CodeIgniter\CodeIgniter->run()
#5 {main}
CRITICAL - 2022-05-19 02:40:13 --> Undefined array key "id_category"
#0 C:\xampp\htdocs\wikiplace\app\Controllers\Admin.php(98): CodeIgniter\Debug\Exceptions->errorHandler(2, 'Undefined array...', 'C:\\xampp\\htdocs...', 98)
#1 C:\xampp\htdocs\wikiplace\system\CodeIgniter.php(832): App\Controllers\Admin->editCategory()
#2 C:\xampp\htdocs\wikiplace\system\CodeIgniter.php(419): CodeIgniter\CodeIgniter->runController(Object(App\Controllers\Admin))
#3 C:\xampp\htdocs\wikiplace\system\CodeIgniter.php(326): CodeIgniter\CodeIgniter->handleRequest(NULL, Object(Config\Cache), false)
#4 C:\xampp\htdocs\wikiplace\index.php(37): CodeIgniter\CodeIgniter->run()
#5 {main}
CRITICAL - 2022-05-19 02:40:23 --> Undefined variable $message
#0 C:\xampp\htdocs\wikiplace\app\Views\admin\admin.php(26): CodeIgniter\Debug\Exceptions->errorHandler(2, 'Undefined varia...', 'C:\\xampp\\htdocs...', 26)
#1 C:\xampp\htdocs\wikiplace\system\View\View.php(210): include('C:\\xampp\\htdocs...')
#2 C:\xampp\htdocs\wikiplace\system\View\View.php(213): CodeIgniter\View\View->CodeIgniter\View\{closure}()
#3 C:\xampp\htdocs\wikiplace\system\Common.php(1089): CodeIgniter\View\View->render('admin/admin', Array, true)
#4 C:\xampp\htdocs\wikiplace\app\Controllers\Admin.php(38): view('admin/admin', Array)
#5 C:\xampp\htdocs\wikiplace\system\CodeIgniter.php(832): App\Controllers\Admin->index()
#6 C:\xampp\htdocs\wikiplace\system\CodeIgniter.php(419): CodeIgniter\CodeIgniter->runController(Object(App\Controllers\Admin))
#7 C:\xampp\htdocs\wikiplace\system\CodeIgniter.php(326): CodeIgniter\CodeIgniter->handleRequest(NULL, Object(Config\Cache), false)
#8 C:\xampp\htdocs\wikiplace\index.php(37): CodeIgniter\CodeIgniter->run()
#9 {main}
CRITICAL - 2022-05-19 02:40:25 --> Undefined variable $message
#0 C:\xampp\htdocs\wikiplace\app\Views\admin\admin.php(26): CodeIgniter\Debug\Exceptions->errorHandler(2, 'Undefined varia...', 'C:\\xampp\\htdocs...', 26)
#1 C:\xampp\htdocs\wikiplace\system\View\View.php(210): include('C:\\xampp\\htdocs...')
#2 C:\xampp\htdocs\wikiplace\system\View\View.php(213): CodeIgniter\View\View->CodeIgniter\View\{closure}()
#3 C:\xampp\htdocs\wikiplace\system\Common.php(1089): CodeIgniter\View\View->render('admin/admin', Array, true)
#4 C:\xampp\htdocs\wikiplace\app\Controllers\Admin.php(38): view('admin/admin', Array)
#5 C:\xampp\htdocs\wikiplace\system\CodeIgniter.php(832): App\Controllers\Admin->index()
#6 C:\xampp\htdocs\wikiplace\system\CodeIgniter.php(419): CodeIgniter\CodeIgniter->runController(Object(App\Controllers\Admin))
#7 C:\xampp\htdocs\wikiplace\system\CodeIgniter.php(326): CodeIgniter\CodeIgniter->handleRequest(NULL, Object(Config\Cache), false)
#8 C:\xampp\htdocs\wikiplace\index.php(37): CodeIgniter\CodeIgniter->run()
#9 {main}
CRITICAL - 2022-05-19 02:52:18 --> Undefined variable $categories
#0 C:\xampp\htdocs\wikiplace\app\Views\pages\new_spot.php(26): CodeIgniter\Debug\Exceptions->errorHandler(2, 'Undefined varia...', 'C:\\xampp\\htdocs...', 26)
#1 C:\xampp\htdocs\wikiplace\system\View\View.php(210): include('C:\\xampp\\htdocs...')
#2 C:\xampp\htdocs\wikiplace\system\View\View.php(213): CodeIgniter\View\View->CodeIgniter\View\{closure}()
#3 C:\xampp\htdocs\wikiplace\system\Common.php(1089): CodeIgniter\View\View->render('pages/new_spot', Array, true)
#4 C:\xampp\htdocs\wikiplace\app\Controllers\SpotController.php(31): view('pages/new_spot', Array)
#5 C:\xampp\htdocs\wikiplace\system\CodeIgniter.php(832): App\Controllers\SpotController->spotForm()
#6 C:\xampp\htdocs\wikiplace\system\CodeIgniter.php(419): CodeIgniter\CodeIgniter->runController(Object(App\Controllers\SpotController))
#7 C:\xampp\htdocs\wikiplace\system\CodeIgniter.php(326): CodeIgniter\CodeIgniter->handleRequest(NULL, Object(Config\Cache), false)
#8 C:\xampp\htdocs\wikiplace\index.php(37): CodeIgniter\CodeIgniter->run()
#9 {main}
ERROR - 2022-05-19 03:15:53 --> Error connecting to the database: Unknown database 'wikiplace'
CRITICAL - 2022-05-19 03:15:53 --> Unable to connect to the database.
Main connection [MySQLi]: Unknown database 'wikiplace'
#0 C:\wamp64\www\wikiplace\system\Database\BaseConnection.php(577): CodeIgniter\Database\BaseConnection->initialize()
#1 C:\wamp64\www\wikiplace\system\Database\BaseBuilder.php(1455): CodeIgniter\Database\BaseConnection->query('SELECT *\nFROM `...', Array, false)
#2 C:\wamp64\www\wikiplace\app\Controllers\Admin.php(31): CodeIgniter\Database\BaseBuilder->get()
#3 C:\wamp64\www\wikiplace\system\CodeIgniter.php(809): App\Controllers\Admin->__construct()
#4 C:\wamp64\www\wikiplace\system\CodeIgniter.php(410): CodeIgniter\CodeIgniter->createController()
#5 C:\wamp64\www\wikiplace\system\CodeIgniter.php(326): CodeIgniter\CodeIgniter->handleRequest(NULL, Object(Config\Cache), false)
#6 C:\wamp64\www\wikiplace\index.php(37): CodeIgniter\CodeIgniter->run()
#7 {main}
ERROR - 2022-05-19 03:15:59 --> Error connecting to the database: Unknown database 'wikiplace'
CRITICAL - 2022-05-19 03:15:59 --> Unable to connect to the database.
Main connection [MySQLi]: Unknown database 'wikiplace'
#0 C:\wamp64\www\wikiplace\system\Database\BaseConnection.php(577): CodeIgniter\Database\BaseConnection->initialize()
#1 C:\wamp64\www\wikiplace\system\Database\BaseBuilder.php(1455): CodeIgniter\Database\BaseConnection->query('SELECT *\nFROM `...', Array, false)
#2 C:\wamp64\www\wikiplace\app\Controllers\Admin.php(31): CodeIgniter\Database\BaseBuilder->get()
#3 C:\wamp64\www\wikiplace\system\CodeIgniter.php(809): App\Controllers\Admin->__construct()
#4 C:\wamp64\www\wikiplace\system\CodeIgniter.php(410): CodeIgniter\CodeIgniter->createController()
#5 C:\wamp64\www\wikiplace\system\CodeIgniter.php(326): CodeIgniter\CodeIgniter->handleRequest(NULL, Object(Config\Cache), false)
#6 C:\wamp64\www\wikiplace\index.php(37): CodeIgniter\CodeIgniter->run()
#7 {main}
ERROR - 2022-05-19 03:16:05 --> Error connecting to the database: Unknown database 'wikiplace'
CRITICAL - 2022-05-19 03:16:05 --> Unable to connect to the database.
Main connection [MySQLi]: Unknown database 'wikiplace'
#0 C:\wamp64\www\wikiplace\system\Database\BaseConnection.php(577): CodeIgniter\Database\BaseConnection->initialize()
#1 C:\wamp64\www\wikiplace\system\Database\BaseBuilder.php(1455): CodeIgniter\Database\BaseConnection->query('SELECT *\nFROM `...', Array, false)
#2 C:\wamp64\www\wikiplace\app\Controllers\Admin.php(31): CodeIgniter\Database\BaseBuilder->get()
#3 C:\wamp64\www\wikiplace\system\CodeIgniter.php(809): App\Controllers\Admin->__construct()
#4 C:\wamp64\www\wikiplace\system\CodeIgniter.php(410): CodeIgniter\CodeIgniter->createController()
#5 C:\wamp64\www\wikiplace\system\CodeIgniter.php(326): CodeIgniter\CodeIgniter->handleRequest(NULL, Object(Config\Cache), false)
#6 C:\wamp64\www\wikiplace\index.php(37): CodeIgniter\CodeIgniter->run()
#7 {main}
ERROR - 2022-05-19 06:11:50 --> Table 'wikiplace.spots' doesn't exist
CRITICAL - 2022-05-19 06:11:50 --> Table 'wikiplace.spots' doesn't exist
#0 C:\xampp\htdocs\wikiplace\system\Database\MySQLi\Connection.php(292): mysqli->query('SELECT *\nFROM `...', 0)
#1 C:\xampp\htdocs\wikiplace\system\Database\BaseConnection.php(670): CodeIgniter\Database\MySQLi\Connection->execute('SELECT *\nFROM `...')
#2 C:\xampp\htdocs\wikiplace\system\Database\BaseConnection.php(598): CodeIgniter\Database\BaseConnection->simpleQuery('SELECT *\nFROM `...')
#3 C:\xampp\htdocs\wikiplace\system\Database\BaseBuilder.php(1455): CodeIgniter\Database\BaseConnection->query('SELECT *\nFROM `...', Array, false)
#4 C:\xampp\htdocs\wikiplace\app\Controllers\Map.php(27): CodeIgniter\Database\BaseBuilder->get()
#5 C:\xampp\htdocs\wikiplace\system\CodeIgniter.php(832): App\Controllers\Map->index()
#6 C:\xampp\htdocs\wikiplace\system\CodeIgniter.php(419): CodeIgniter\CodeIgniter->runController(Object(App\Controllers\Map))
#7 C:\xampp\htdocs\wikiplace\system\CodeIgniter.php(326): CodeIgniter\CodeIgniter->handleRequest(NULL, Object(Config\Cache), false)
#8 C:\xampp\htdocs\wikiplace\index.php(37): CodeIgniter\CodeIgniter->run()
#9 {main}
ERROR - 2022-05-19 06:12:02 --> Unknown column 'category.category_id' in 'on clause'
CRITICAL - 2022-05-19 06:12:02 --> Unknown column 'category.category_id' in 'on clause'
#0 C:\xampp\htdocs\wikiplace\system\Database\MySQLi\Connection.php(292): mysqli->query('SELECT *\nFROM `...', 0)
#1 C:\xampp\htdocs\wikiplace\system\Database\BaseConnection.php(670): CodeIgniter\Database\MySQLi\Connection->execute('SELECT *\nFROM `...')
#2 C:\xampp\htdocs\wikiplace\system\Database\BaseConnection.php(598): CodeIgniter\Database\BaseConnection->simpleQuery('SELECT *\nFROM `...')
#3 C:\xampp\htdocs\wikiplace\system\Database\BaseBuilder.php(1455): CodeIgniter\Database\BaseConnection->query('SELECT *\nFROM `...', Array, false)
#4 C:\xampp\htdocs\wikiplace\app\Controllers\Map.php(27): CodeIgniter\Database\BaseBuilder->get()
#5 C:\xampp\htdocs\wikiplace\system\CodeIgniter.php(832): App\Controllers\Map->index()
#6 C:\xampp\htdocs\wikiplace\system\CodeIgniter.php(419): CodeIgniter\CodeIgniter->runController(Object(App\Controllers\Map))
#7 C:\xampp\htdocs\wikiplace\system\CodeIgniter.php(326): CodeIgniter\CodeIgniter->handleRequest(NULL, Object(Config\Cache), false)
#8 C:\xampp\htdocs\wikiplace\index.php(37): CodeIgniter\CodeIgniter->run()
#9 {main}
ERROR - 2022-05-19 06:12:16 --> Unknown column 'spots.id_category' in 'on clause'
CRITICAL - 2022-05-19 06:12:16 --> Unknown column 'spots.id_category' in 'on clause'
#0 C:\xampp\htdocs\wikiplace\system\Database\MySQLi\Connection.php(292): mysqli->query('SELECT *\nFROM `...', 0)
#1 C:\xampp\htdocs\wikiplace\system\Database\BaseConnection.php(670): CodeIgniter\Database\MySQLi\Connection->execute('SELECT *\nFROM `...')
#2 C:\xampp\htdocs\wikiplace\system\Database\BaseConnection.php(598): CodeIgniter\Database\BaseConnection->simpleQuery('SELECT *\nFROM `...')
#3 C:\xampp\htdocs\wikiplace\system\Database\BaseBuilder.php(1455): CodeIgniter\Database\BaseConnection->query('SELECT *\nFROM `...', Array, false)
#4 C:\xampp\htdocs\wikiplace\app\Controllers\Map.php(27): CodeIgniter\Database\BaseBuilder->get()
#5 C:\xampp\htdocs\wikiplace\system\CodeIgniter.php(832): App\Controllers\Map->index()
#6 C:\xampp\htdocs\wikiplace\system\CodeIgniter.php(419): CodeIgniter\CodeIgniter->runController(Object(App\Controllers\Map))
#7 C:\xampp\htdocs\wikiplace\system\CodeIgniter.php(326): CodeIgniter\CodeIgniter->handleRequest(NULL, Object(Config\Cache), false)
#8 C:\xampp\htdocs\wikiplace\index.php(37): CodeIgniter\CodeIgniter->run()
#9 {main}
CRITICAL - 2022-05-19 06:16:31 --> Call to undefined method CodeIgniter\Database\MySQLi\Result::findAll()
#0 C:\xampp\htdocs\wikiplace\system\CodeIgniter.php(832): App\Controllers\Map->index()
#1 C:\xampp\htdocs\wikiplace\system\CodeIgniter.php(419): CodeIgniter\CodeIgniter->runController(Object(App\Controllers\Map))
#2 C:\xampp\htdocs\wikiplace\system\CodeIgniter.php(326): CodeIgniter\CodeIgniter->handleRequest(NULL, Object(Config\Cache), false)
#3 C:\xampp\htdocs\wikiplace\index.php(37): CodeIgniter\CodeIgniter->run()
#4 {main}
