CRITICAL - 2022-05-30 01:16:18 --> Unknown column 'solved' in 'where clause'
#0 C:\wamp64\www\wikiplace\system\Database\MySQLi\Connection.php(292): mysqli->query('SELECT *\nFROM `...', 0)
#1 C:\wamp64\www\wikiplace\system\Database\BaseConnection.php(670): CodeIgniter\Database\MySQLi\Connection->execute('SELECT *\nFROM `...')
#2 C:\wamp64\www\wikiplace\system\Database\BaseConnection.php(598): CodeIgniter\Database\BaseConnection->simpleQuery('SELECT *\nFROM `...')
#3 C:\wamp64\www\wikiplace\system\Database\BaseBuilder.php(1455): CodeIgniter\Database\BaseConnection->query('SELECT *\nFROM `...', Array, false)
#4 C:\wamp64\www\wikiplace\app\Controllers\Admin.php(41): CodeIgniter\Database\BaseBuilder->get()
#5 C:\wamp64\www\wikiplace\system\CodeIgniter.php(809): App\Controllers\Admin->__construct()
#6 C:\wamp64\www\wikiplace\system\CodeIgniter.php(410): CodeIgniter\CodeIgniter->createController()
#7 C:\wamp64\www\wikiplace\system\CodeIgniter.php(326): CodeIgniter\CodeIgniter->handleRequest(NULL, Object(Config\Cache), false)
#8 C:\wamp64\www\wikiplace\public\index.php(37): CodeIgniter\CodeIgniter->run()
#9 {main}
CRITICAL - 2022-05-30 02:09:26 --> Unknown column 'solved' in 'where clause'
#0 C:\wamp64\www\wikiplace\system\Database\MySQLi\Connection.php(292): mysqli->query('SELECT *\nFROM `...', 0)
#1 C:\wamp64\www\wikiplace\system\Database\BaseConnection.php(670): CodeIgniter\Database\MySQLi\Connection->execute('SELECT *\nFROM `...')
#2 C:\wamp64\www\wikiplace\system\Database\BaseConnection.php(598): CodeIgniter\Database\BaseConnection->simpleQuery('SELECT *\nFROM `...')
#3 C:\wamp64\www\wikiplace\system\Database\BaseBuilder.php(1455): CodeIgniter\Database\BaseConnection->query('SELECT *\nFROM `...', Array, false)
#4 C:\wamp64\www\wikiplace\app\Controllers\Admin.php(41): CodeIgniter\Database\BaseBuilder->get()
#5 C:\wamp64\www\wikiplace\system\CodeIgniter.php(809): App\Controllers\Admin->__construct()
#6 C:\wamp64\www\wikiplace\system\CodeIgniter.php(410): CodeIgniter\CodeIgniter->createController()
#7 C:\wamp64\www\wikiplace\system\CodeIgniter.php(326): CodeIgniter\CodeIgniter->handleRequest(NULL, Object(Config\Cache), false)
#8 C:\wamp64\www\wikiplace\public\index.php(37): CodeIgniter\CodeIgniter->run()
#9 {main}
