ERROR - 2022-05-24 02:54:13 --> Unknown column 'climbing' in 'where clause'
CRITICAL - 2022-05-24 02:54:13 --> Unknown column 'climbing' in 'where clause'
#0 C:\xampp\htdocs\wikiplace\system\Database\MySQLi\Connection.php(292): mysqli->query('SELECT `categor...', 0)
#1 C:\xampp\htdocs\wikiplace\system\Database\BaseConnection.php(670): CodeIgniter\Database\MySQLi\Connection->execute('SELECT `categor...')
#2 C:\xampp\htdocs\wikiplace\system\Database\BaseConnection.php(598): CodeIgniter\Database\BaseConnection->simpleQuery('SELECT `categor...')
#3 C:\xampp\htdocs\wikiplace\system\Database\BaseBuilder.php(1455): CodeIgniter\Database\BaseConnection->query('SELECT `categor...', Array, false)
#4 C:\xampp\htdocs\wikiplace\app\Controllers\Map.php(27): CodeIgniter\Database\BaseBuilder->get()
#5 C:\xampp\htdocs\wikiplace\system\CodeIgniter.php(832): App\Controllers\Map->index()
#6 C:\xampp\htdocs\wikiplace\system\CodeIgniter.php(419): CodeIgniter\CodeIgniter->runController(Object(App\Controllers\Map))
#7 C:\xampp\htdocs\wikiplace\system\CodeIgniter.php(326): CodeIgniter\CodeIgniter->handleRequest(NULL, Object(Config\Cache), false)
#8 C:\xampp\htdocs\wikiplace\index.php(37): CodeIgniter\CodeIgniter->run()
#9 {main}
ERROR - 2022-05-24 02:54:57 --> Unknown column 'climbing' in 'where clause'
CRITICAL - 2022-05-24 02:54:57 --> Unknown column 'climbing' in 'where clause'
#0 C:\xampp\htdocs\wikiplace\system\Database\MySQLi\Connection.php(292): mysqli->query('SELECT `categor...', 0)
#1 C:\xampp\htdocs\wikiplace\system\Database\BaseConnection.php(670): CodeIgniter\Database\MySQLi\Connection->execute('SELECT `categor...')
#2 C:\xampp\htdocs\wikiplace\system\Database\BaseConnection.php(598): CodeIgniter\Database\BaseConnection->simpleQuery('SELECT `categor...')
#3 C:\xampp\htdocs\wikiplace\system\Database\BaseBuilder.php(1455): CodeIgniter\Database\BaseConnection->query('SELECT `categor...', Array, false)
#4 C:\xampp\htdocs\wikiplace\app\Controllers\Map.php(27): CodeIgniter\Database\BaseBuilder->get()
#5 C:\xampp\htdocs\wikiplace\system\CodeIgniter.php(832): App\Controllers\Map->index()
#6 C:\xampp\htdocs\wikiplace\system\CodeIgniter.php(419): CodeIgniter\CodeIgniter->runController(Object(App\Controllers\Map))
#7 C:\xampp\htdocs\wikiplace\system\CodeIgniter.php(326): CodeIgniter\CodeIgniter->handleRequest(NULL, Object(Config\Cache), false)
#8 C:\xampp\htdocs\wikiplace\index.php(37): CodeIgniter\CodeIgniter->run()
#9 {main}
ERROR - 2022-05-24 02:55:34 --> Unknown column 'category_name' in 'where clause'
CRITICAL - 2022-05-24 02:55:34 --> Unknown column 'category_name' in 'where clause'
#0 C:\xampp\htdocs\wikiplace\system\Database\MySQLi\Connection.php(292): mysqli->query('SELECT `categor...', 0)
#1 C:\xampp\htdocs\wikiplace\system\Database\BaseConnection.php(670): CodeIgniter\Database\MySQLi\Connection->execute('SELECT `categor...')
#2 C:\xampp\htdocs\wikiplace\system\Database\BaseConnection.php(598): CodeIgniter\Database\BaseConnection->simpleQuery('SELECT `categor...')
#3 C:\xampp\htdocs\wikiplace\system\Database\BaseBuilder.php(1455): CodeIgniter\Database\BaseConnection->query('SELECT `categor...', Array, false)
#4 C:\xampp\htdocs\wikiplace\app\Controllers\Map.php(27): CodeIgniter\Database\BaseBuilder->get()
#5 C:\xampp\htdocs\wikiplace\system\CodeIgniter.php(832): App\Controllers\Map->index()
#6 C:\xampp\htdocs\wikiplace\system\CodeIgniter.php(419): CodeIgniter\CodeIgniter->runController(Object(App\Controllers\Map))
#7 C:\xampp\htdocs\wikiplace\system\CodeIgniter.php(326): CodeIgniter\CodeIgniter->handleRequest(NULL, Object(Config\Cache), false)
#8 C:\xampp\htdocs\wikiplace\index.php(37): CodeIgniter\CodeIgniter->run()
#9 {main}
ERROR - 2022-05-24 02:55:37 --> Unknown column 'category_name' in 'where clause'
CRITICAL - 2022-05-24 02:55:37 --> Unknown column 'category_name' in 'where clause'
#0 C:\xampp\htdocs\wikiplace\system\Database\MySQLi\Connection.php(292): mysqli->query('SELECT `categor...', 0)
#1 C:\xampp\htdocs\wikiplace\system\Database\BaseConnection.php(670): CodeIgniter\Database\MySQLi\Connection->execute('SELECT `categor...')
#2 C:\xampp\htdocs\wikiplace\system\Database\BaseConnection.php(598): CodeIgniter\Database\BaseConnection->simpleQuery('SELECT `categor...')
#3 C:\xampp\htdocs\wikiplace\system\Database\BaseBuilder.php(1455): CodeIgniter\Database\BaseConnection->query('SELECT `categor...', Array, false)
#4 C:\xampp\htdocs\wikiplace\app\Controllers\Map.php(27): CodeIgniter\Database\BaseBuilder->get()
#5 C:\xampp\htdocs\wikiplace\system\CodeIgniter.php(832): App\Controllers\Map->index()
#6 C:\xampp\htdocs\wikiplace\system\CodeIgniter.php(419): CodeIgniter\CodeIgniter->runController(Object(App\Controllers\Map))
#7 C:\xampp\htdocs\wikiplace\system\CodeIgniter.php(326): CodeIgniter\CodeIgniter->handleRequest(NULL, Object(Config\Cache), false)
#8 C:\xampp\htdocs\wikiplace\index.php(37): CodeIgniter\CodeIgniter->run()
#9 {main}
ERROR - 2022-05-24 02:55:44 --> Unknown column 'category_name' in 'where clause'
CRITICAL - 2022-05-24 02:55:44 --> Unknown column 'category_name' in 'where clause'
#0 C:\xampp\htdocs\wikiplace\system\Database\MySQLi\Connection.php(292): mysqli->query('SELECT `categor...', 0)
#1 C:\xampp\htdocs\wikiplace\system\Database\BaseConnection.php(670): CodeIgniter\Database\MySQLi\Connection->execute('SELECT `categor...')
#2 C:\xampp\htdocs\wikiplace\system\Database\BaseConnection.php(598): CodeIgniter\Database\BaseConnection->simpleQuery('SELECT `categor...')
#3 C:\xampp\htdocs\wikiplace\system\Database\BaseBuilder.php(1455): CodeIgniter\Database\BaseConnection->query('SELECT `categor...', Array, false)
#4 C:\xampp\htdocs\wikiplace\app\Controllers\Map.php(27): CodeIgniter\Database\BaseBuilder->get()
#5 C:\xampp\htdocs\wikiplace\system\CodeIgniter.php(832): App\Controllers\Map->index()
#6 C:\xampp\htdocs\wikiplace\system\CodeIgniter.php(419): CodeIgniter\CodeIgniter->runController(Object(App\Controllers\Map))
#7 C:\xampp\htdocs\wikiplace\system\CodeIgniter.php(326): CodeIgniter\CodeIgniter->handleRequest(NULL, Object(Config\Cache), false)
#8 C:\xampp\htdocs\wikiplace\index.php(37): CodeIgniter\CodeIgniter->run()
#9 {main}
CRITICAL - 2022-05-24 05:34:59 --> Undefined variable $catFiltered
#0 C:\xampp\htdocs\wikiplace\app\Views\pages\map.php(61): CodeIgniter\Debug\Exceptions->errorHandler(2, 'Undefined varia...', 'C:\\xampp\\htdocs...', 61)
#1 C:\xampp\htdocs\wikiplace\system\View\View.php(210): include('C:\\xampp\\htdocs...')
#2 C:\xampp\htdocs\wikiplace\system\View\View.php(213): CodeIgniter\View\View->CodeIgniter\View\{closure}()
#3 C:\xampp\htdocs\wikiplace\system\Common.php(1089): CodeIgniter\View\View->render('pages/map', Array, true)
#4 C:\xampp\htdocs\wikiplace\app\Controllers\Map.php(38): view('pages/map', Array)
#5 C:\xampp\htdocs\wikiplace\system\CodeIgniter.php(832): App\Controllers\Map->index()
#6 C:\xampp\htdocs\wikiplace\system\CodeIgniter.php(419): CodeIgniter\CodeIgniter->runController(Object(App\Controllers\Map))
#7 C:\xampp\htdocs\wikiplace\system\CodeIgniter.php(326): CodeIgniter\CodeIgniter->handleRequest(NULL, Object(Config\Cache), false)
#8 C:\xampp\htdocs\wikiplace\index.php(37): CodeIgniter\CodeIgniter->run()
#9 {main}
CRITICAL - 2022-05-24 05:35:02 --> Undefined variable $catFiltered
#0 C:\xampp\htdocs\wikiplace\app\Views\pages\map.php(61): CodeIgniter\Debug\Exceptions->errorHandler(2, 'Undefined varia...', 'C:\\xampp\\htdocs...', 61)
#1 C:\xampp\htdocs\wikiplace\system\View\View.php(210): include('C:\\xampp\\htdocs...')
#2 C:\xampp\htdocs\wikiplace\system\View\View.php(213): CodeIgniter\View\View->CodeIgniter\View\{closure}()
#3 C:\xampp\htdocs\wikiplace\system\Common.php(1089): CodeIgniter\View\View->render('pages/map', Array, true)
#4 C:\xampp\htdocs\wikiplace\app\Controllers\Map.php(38): view('pages/map', Array)
#5 C:\xampp\htdocs\wikiplace\system\CodeIgniter.php(832): App\Controllers\Map->index()
#6 C:\xampp\htdocs\wikiplace\system\CodeIgniter.php(419): CodeIgniter\CodeIgniter->runController(Object(App\Controllers\Map))
#7 C:\xampp\htdocs\wikiplace\system\CodeIgniter.php(326): CodeIgniter\CodeIgniter->handleRequest(NULL, Object(Config\Cache), false)
#8 C:\xampp\htdocs\wikiplace\index.php(37): CodeIgniter\CodeIgniter->run()
#9 {main}
CRITICAL - 2022-05-24 05:35:30 --> Undefined variable $catFiltered
#0 C:\xampp\htdocs\wikiplace\app\Views\pages\map.php(61): CodeIgniter\Debug\Exceptions->errorHandler(2, 'Undefined varia...', 'C:\\xampp\\htdocs...', 61)
#1 C:\xampp\htdocs\wikiplace\system\View\View.php(210): include('C:\\xampp\\htdocs...')
#2 C:\xampp\htdocs\wikiplace\system\View\View.php(213): CodeIgniter\View\View->CodeIgniter\View\{closure}()
#3 C:\xampp\htdocs\wikiplace\system\Common.php(1089): CodeIgniter\View\View->render('pages/map', Array, true)
#4 C:\xampp\htdocs\wikiplace\app\Controllers\Map.php(38): view('pages/map', Array)
#5 C:\xampp\htdocs\wikiplace\system\CodeIgniter.php(832): App\Controllers\Map->index()
#6 C:\xampp\htdocs\wikiplace\system\CodeIgniter.php(419): CodeIgniter\CodeIgniter->runController(Object(App\Controllers\Map))
#7 C:\xampp\htdocs\wikiplace\system\CodeIgniter.php(326): CodeIgniter\CodeIgniter->handleRequest(NULL, Object(Config\Cache), false)
#8 C:\xampp\htdocs\wikiplace\index.php(37): CodeIgniter\CodeIgniter->run()
#9 {main}
CRITICAL - 2022-05-24 05:47:19 --> Array to string conversion
#0 C:\xampp\htdocs\wikiplace\app\Controllers\Map.php(29): CodeIgniter\Debug\Exceptions->errorHandler(2, 'Array to string...', 'C:\\xampp\\htdocs...', 29)
#1 C:\xampp\htdocs\wikiplace\system\CodeIgniter.php(832): App\Controllers\Map->index()
#2 C:\xampp\htdocs\wikiplace\system\CodeIgniter.php(419): CodeIgniter\CodeIgniter->runController(Object(App\Controllers\Map))
#3 C:\xampp\htdocs\wikiplace\system\CodeIgniter.php(326): CodeIgniter\CodeIgniter->handleRequest(NULL, Object(Config\Cache), false)
#4 C:\xampp\htdocs\wikiplace\index.php(37): CodeIgniter\CodeIgniter->run()
#5 {main}
CRITICAL - 2022-05-24 05:49:23 --> strpos(): Argument #1 ($haystack) must be of type string, array given
#0 C:\xampp\htdocs\wikiplace\app\Controllers\Map.php(29): strpos(Array, 'par')
#1 C:\xampp\htdocs\wikiplace\system\CodeIgniter.php(832): App\Controllers\Map->index()
#2 C:\xampp\htdocs\wikiplace\system\CodeIgniter.php(419): CodeIgniter\CodeIgniter->runController(Object(App\Controllers\Map))
#3 C:\xampp\htdocs\wikiplace\system\CodeIgniter.php(326): CodeIgniter\CodeIgniter->handleRequest(NULL, Object(Config\Cache), false)
#4 C:\xampp\htdocs\wikiplace\index.php(37): CodeIgniter\CodeIgniter->run()
#5 {main}
CRITICAL - 2022-05-24 05:54:13 --> Undefined variable $catFiltered
#0 C:\xampp\htdocs\wikiplace\app\Views\pages\map.php(61): CodeIgniter\Debug\Exceptions->errorHandler(2, 'Undefined varia...', 'C:\\xampp\\htdocs...', 61)
#1 C:\xampp\htdocs\wikiplace\system\View\View.php(210): include('C:\\xampp\\htdocs...')
#2 C:\xampp\htdocs\wikiplace\system\View\View.php(213): CodeIgniter\View\View->CodeIgniter\View\{closure}()
#3 C:\xampp\htdocs\wikiplace\system\Common.php(1089): CodeIgniter\View\View->render('pages/map', Array, true)
#4 C:\xampp\htdocs\wikiplace\app\Controllers\Map.php(40): view('pages/map', Array)
#5 C:\xampp\htdocs\wikiplace\system\CodeIgniter.php(832): App\Controllers\Map->index()
#6 C:\xampp\htdocs\wikiplace\system\CodeIgniter.php(419): CodeIgniter\CodeIgniter->runController(Object(App\Controllers\Map))
#7 C:\xampp\htdocs\wikiplace\system\CodeIgniter.php(326): CodeIgniter\CodeIgniter->handleRequest(NULL, Object(Config\Cache), false)
#8 C:\xampp\htdocs\wikiplace\index.php(37): CodeIgniter\CodeIgniter->run()
#9 {main}
CRITICAL - 2022-05-24 05:54:52 --> Undefined array key "category_name"
#0 C:\xampp\htdocs\wikiplace\app\Controllers\Map.php(29): CodeIgniter\Debug\Exceptions->errorHandler(2, 'Undefined array...', 'C:\\xampp\\htdocs...', 29)
#1 C:\xampp\htdocs\wikiplace\system\CodeIgniter.php(832): App\Controllers\Map->index()
#2 C:\xampp\htdocs\wikiplace\system\CodeIgniter.php(419): CodeIgniter\CodeIgniter->runController(Object(App\Controllers\Map))
#3 C:\xampp\htdocs\wikiplace\system\CodeIgniter.php(326): CodeIgniter\CodeIgniter->handleRequest(NULL, Object(Config\Cache), false)
#4 C:\xampp\htdocs\wikiplace\index.php(37): CodeIgniter\CodeIgniter->run()
#5 {main}
CRITICAL - 2022-05-24 14:50:32 --> Trying to access array offset on value of type null
#0 C:\xampp\htdocs\wikiplace\app\Views\parts\menu.php(16): CodeIgniter\Debug\Exceptions->errorHandler(2, 'Trying to acces...', 'C:\\xampp\\htdocs...', 16)
#1 C:\xampp\htdocs\wikiplace\system\View\View.php(210): include('C:\\xampp\\htdocs...')
#2 C:\xampp\htdocs\wikiplace\system\View\View.php(213): CodeIgniter\View\View->CodeIgniter\View\{closure}()
#3 C:\xampp\htdocs\wikiplace\system\View\View.php(424): CodeIgniter\View\View->render('parts/menu', NULL, true)
#4 C:\xampp\htdocs\wikiplace\app\Views\layout.php(18): CodeIgniter\View\View->include('parts/menu', NULL)
#5 C:\xampp\htdocs\wikiplace\system\View\View.php(210): include('C:\\xampp\\htdocs...')
#6 C:\xampp\htdocs\wikiplace\system\View\View.php(213): CodeIgniter\View\View->CodeIgniter\View\{closure}()
#7 C:\xampp\htdocs\wikiplace\system\View\View.php(226): CodeIgniter\View\View->render('layout', Array, true)
#8 C:\xampp\htdocs\wikiplace\system\Common.php(1089): CodeIgniter\View\View->render('pages/redirecti...', Array, true)
#9 C:\xampp\htdocs\wikiplace\app\Controllers\UserController.php(144): view('pages/redirecti...', Array)
#10 C:\xampp\htdocs\wikiplace\system\CodeIgniter.php(832): App\Controllers\UserController->logOut()
#11 C:\xampp\htdocs\wikiplace\system\CodeIgniter.php(419): CodeIgniter\CodeIgniter->runController(Object(App\Controllers\UserController))
#12 C:\xampp\htdocs\wikiplace\system\CodeIgniter.php(326): CodeIgniter\CodeIgniter->handleRequest(NULL, Object(Config\Cache), false)
#13 C:\xampp\htdocs\wikiplace\index.php(37): CodeIgniter\CodeIgniter->run()
#14 {main}
