CRITICAL - 2022-05-28 04:36:51 --> Call to undefined function form_open()
#0 C:\xampp\htdocs\wikiplace\system\View\View.php(210): include()
#1 C:\xampp\htdocs\wikiplace\system\View\View.php(213): CodeIgniter\View\View->CodeIgniter\View\{closure}()
#2 C:\xampp\htdocs\wikiplace\system\View\View.php(424): CodeIgniter\View\View->render('parts/login', NULL, true)
#3 C:\xampp\htdocs\wikiplace\app\Views\layout.php(22): CodeIgniter\View\View->include('parts/login')
#4 C:\xampp\htdocs\wikiplace\system\View\View.php(210): include('C:\\xampp\\htdocs...')
#5 C:\xampp\htdocs\wikiplace\system\View\View.php(213): CodeIgniter\View\View->CodeIgniter\View\{closure}()
#6 C:\xampp\htdocs\wikiplace\system\View\View.php(226): CodeIgniter\View\View->render('layout', Array, true)
#7 C:\xampp\htdocs\wikiplace\system\Common.php(1089): CodeIgniter\View\View->render('pages/redirecti...', Array, true)
#8 C:\xampp\htdocs\wikiplace\app\Controllers\Admin.php(27): view('pages/redirecti...', Array)
#9 C:\xampp\htdocs\wikiplace\system\CodeIgniter.php(809): App\Controllers\Admin->__construct()
#10 C:\xampp\htdocs\wikiplace\system\CodeIgniter.php(410): CodeIgniter\CodeIgniter->createController()
#11 C:\xampp\htdocs\wikiplace\system\CodeIgniter.php(326): CodeIgniter\CodeIgniter->handleRequest(NULL, Object(Config\Cache), false)
#12 C:\xampp\htdocs\wikiplace\public\index.php(37): CodeIgniter\CodeIgniter->run()
#13 {main}
CRITICAL - 2022-05-28 05:00:52 --> Undefined variable $updateCorrect
#0 C:\xampp\htdocs\wikiplace\app\Views\pages\edit_profile.php(22): CodeIgniter\Debug\Exceptions->errorHandler(2, 'Undefined varia...', 'C:\\xampp\\htdocs...', 22)
#1 C:\xampp\htdocs\wikiplace\system\View\View.php(210): include('C:\\xampp\\htdocs...')
#2 C:\xampp\htdocs\wikiplace\system\View\View.php(213): CodeIgniter\View\View->CodeIgniter\View\{closure}()
#3 C:\xampp\htdocs\wikiplace\system\Common.php(1089): CodeIgniter\View\View->render('pages/edit_prof...', Array, true)
#4 C:\xampp\htdocs\wikiplace\app\Controllers\UserController.php(184): view('pages/edit_prof...', Array)
#5 C:\xampp\htdocs\wikiplace\system\CodeIgniter.php(832): App\Controllers\UserController->displayEditProfile()
#6 C:\xampp\htdocs\wikiplace\system\CodeIgniter.php(419): CodeIgniter\CodeIgniter->runController(Object(App\Controllers\UserController))
#7 C:\xampp\htdocs\wikiplace\system\CodeIgniter.php(326): CodeIgniter\CodeIgniter->handleRequest(NULL, Object(Config\Cache), false)
#8 C:\xampp\htdocs\wikiplace\public\index.php(37): CodeIgniter\CodeIgniter->run()
#9 {main}
CRITICAL - 2022-05-28 05:01:28 --> Invalid file: pages/editprofile.php
#0 C:\xampp\htdocs\wikiplace\system\View\View.php(198): CodeIgniter\Exceptions\FrameworkException::forInvalidFile('pages/editprofi...')
#1 C:\xampp\htdocs\wikiplace\system\Common.php(1089): CodeIgniter\View\View->render('pages/editprofi...', Array, true)
#2 C:\xampp\htdocs\wikiplace\app\Controllers\UserController.php(209): view('pages/editprofi...', Array)
#3 C:\xampp\htdocs\wikiplace\system\CodeIgniter.php(832): App\Controllers\UserController->editProfile()
#4 C:\xampp\htdocs\wikiplace\system\CodeIgniter.php(419): CodeIgniter\CodeIgniter->runController(Object(App\Controllers\UserController))
#5 C:\xampp\htdocs\wikiplace\system\CodeIgniter.php(326): CodeIgniter\CodeIgniter->handleRequest(NULL, Object(Config\Cache), false)
#6 C:\xampp\htdocs\wikiplace\public\index.php(37): CodeIgniter\CodeIgniter->run()
#7 {main}
CRITICAL - 2022-05-28 05:02:03 --> Undefined variable $description
#0 C:\xampp\htdocs\wikiplace\app\Views\pages\edit_profile.php(72): CodeIgniter\Debug\Exceptions->errorHandler(2, 'Undefined varia...', 'C:\\xampp\\htdocs...', 72)
#1 C:\xampp\htdocs\wikiplace\system\View\View.php(210): include('C:\\xampp\\htdocs...')
#2 C:\xampp\htdocs\wikiplace\system\View\View.php(213): CodeIgniter\View\View->CodeIgniter\View\{closure}()
#3 C:\xampp\htdocs\wikiplace\system\Common.php(1089): CodeIgniter\View\View->render('pages/edit_prof...', Array, true)
#4 C:\xampp\htdocs\wikiplace\app\Controllers\UserController.php(228): view('pages/edit_prof...', Array)
#5 C:\xampp\htdocs\wikiplace\system\CodeIgniter.php(832): App\Controllers\UserController->editProfile()
#6 C:\xampp\htdocs\wikiplace\system\CodeIgniter.php(419): CodeIgniter\CodeIgniter->runController(Object(App\Controllers\UserController))
#7 C:\xampp\htdocs\wikiplace\system\CodeIgniter.php(326): CodeIgniter\CodeIgniter->handleRequest(NULL, Object(Config\Cache), false)
#8 C:\xampp\htdocs\wikiplace\public\index.php(37): CodeIgniter\CodeIgniter->run()
#9 {main}
CRITICAL - 2022-05-28 05:02:07 --> Undefined variable $description
#0 C:\xampp\htdocs\wikiplace\app\Views\pages\edit_profile.php(72): CodeIgniter\Debug\Exceptions->errorHandler(2, 'Undefined varia...', 'C:\\xampp\\htdocs...', 72)
#1 C:\xampp\htdocs\wikiplace\system\View\View.php(210): include('C:\\xampp\\htdocs...')
#2 C:\xampp\htdocs\wikiplace\system\View\View.php(213): CodeIgniter\View\View->CodeIgniter\View\{closure}()
#3 C:\xampp\htdocs\wikiplace\system\Common.php(1089): CodeIgniter\View\View->render('pages/edit_prof...', Array, true)
#4 C:\xampp\htdocs\wikiplace\app\Controllers\UserController.php(228): view('pages/edit_prof...', Array)
#5 C:\xampp\htdocs\wikiplace\system\CodeIgniter.php(832): App\Controllers\UserController->editProfile()
#6 C:\xampp\htdocs\wikiplace\system\CodeIgniter.php(419): CodeIgniter\CodeIgniter->runController(Object(App\Controllers\UserController))
#7 C:\xampp\htdocs\wikiplace\system\CodeIgniter.php(326): CodeIgniter\CodeIgniter->handleRequest(NULL, Object(Config\Cache), false)
#8 C:\xampp\htdocs\wikiplace\public\index.php(37): CodeIgniter\CodeIgniter->run()
#9 {main}
CRITICAL - 2022-05-28 05:18:44 --> Undefined array key "errors"
#0 C:\xampp\htdocs\wikiplace\app\Controllers\UserController.php(227): CodeIgniter\Debug\Exceptions->errorHandler(2, 'Undefined array...', 'C:\\xampp\\htdocs...', 227)
#1 C:\xampp\htdocs\wikiplace\system\CodeIgniter.php(832): App\Controllers\UserController->editProfile()
#2 C:\xampp\htdocs\wikiplace\system\CodeIgniter.php(419): CodeIgniter\CodeIgniter->runController(Object(App\Controllers\UserController))
#3 C:\xampp\htdocs\wikiplace\system\CodeIgniter.php(326): CodeIgniter\CodeIgniter->handleRequest(NULL, Object(Config\Cache), false)
#4 C:\xampp\htdocs\wikiplace\public\index.php(37): CodeIgniter\CodeIgniter->run()
#5 {main}
CRITICAL - 2022-05-28 05:19:19 --> Undefined array key "errors"
#0 C:\xampp\htdocs\wikiplace\app\Controllers\UserController.php(227): CodeIgniter\Debug\Exceptions->errorHandler(2, 'Undefined array...', 'C:\\xampp\\htdocs...', 227)
#1 C:\xampp\htdocs\wikiplace\system\CodeIgniter.php(832): App\Controllers\UserController->editProfile()
#2 C:\xampp\htdocs\wikiplace\system\CodeIgniter.php(419): CodeIgniter\CodeIgniter->runController(Object(App\Controllers\UserController))
#3 C:\xampp\htdocs\wikiplace\system\CodeIgniter.php(326): CodeIgniter\CodeIgniter->handleRequest(NULL, Object(Config\Cache), false)
#4 C:\xampp\htdocs\wikiplace\public\index.php(37): CodeIgniter\CodeIgniter->run()
#5 {main}
CRITICAL - 2022-05-28 05:19:52 --> Array to string conversion
#0 C:\xampp\htdocs\wikiplace\app\Views\pages\edit_profile.php(21): CodeIgniter\Debug\Exceptions->errorHandler(2, 'Array to string...', 'C:\\xampp\\htdocs...', 21)
#1 C:\xampp\htdocs\wikiplace\system\View\View.php(210): include('C:\\xampp\\htdocs...')
#2 C:\xampp\htdocs\wikiplace\system\View\View.php(213): CodeIgniter\View\View->CodeIgniter\View\{closure}()
#3 C:\xampp\htdocs\wikiplace\system\Common.php(1089): CodeIgniter\View\View->render('pages/edit_prof...', Array, true)
#4 C:\xampp\htdocs\wikiplace\app\Controllers\UserController.php(229): view('pages/edit_prof...', Array)
#5 C:\xampp\htdocs\wikiplace\system\CodeIgniter.php(832): App\Controllers\UserController->editProfile()
#6 C:\xampp\htdocs\wikiplace\system\CodeIgniter.php(419): CodeIgniter\CodeIgniter->runController(Object(App\Controllers\UserController))
#7 C:\xampp\htdocs\wikiplace\system\CodeIgniter.php(326): CodeIgniter\CodeIgniter->handleRequest(NULL, Object(Config\Cache), false)
#8 C:\xampp\htdocs\wikiplace\public\index.php(37): CodeIgniter\CodeIgniter->run()
#9 {main}
CRITICAL - 2022-05-28 05:31:05 --> Undefined property: App\Controllers\UserController::$validation
#0 C:\xampp\htdocs\wikiplace\app\Controllers\UserController.php(200): CodeIgniter\Debug\Exceptions->errorHandler(2, 'Undefined prope...', 'C:\\xampp\\htdocs...', 200)
#1 C:\xampp\htdocs\wikiplace\system\CodeIgniter.php(832): App\Controllers\UserController->editProfile()
#2 C:\xampp\htdocs\wikiplace\system\CodeIgniter.php(419): CodeIgniter\CodeIgniter->runController(Object(App\Controllers\UserController))
#3 C:\xampp\htdocs\wikiplace\system\CodeIgniter.php(326): CodeIgniter\CodeIgniter->handleRequest(NULL, Object(Config\Cache), false)
#4 C:\xampp\htdocs\wikiplace\public\index.php(37): CodeIgniter\CodeIgniter->run()
#5 {main}
CRITICAL - 2022-05-28 05:31:19 --> Call to undefined method CodeIgniter\Validation\Validation::set_rules()
#0 C:\xampp\htdocs\wikiplace\system\CodeIgniter.php(832): App\Controllers\UserController->editProfile()
#1 C:\xampp\htdocs\wikiplace\system\CodeIgniter.php(419): CodeIgniter\CodeIgniter->runController(Object(App\Controllers\UserController))
#2 C:\xampp\htdocs\wikiplace\system\CodeIgniter.php(326): CodeIgniter\CodeIgniter->handleRequest(NULL, Object(Config\Cache), false)
#3 C:\xampp\htdocs\wikiplace\public\index.php(37): CodeIgniter\CodeIgniter->run()
#4 {main}
CRITICAL - 2022-05-28 05:42:29 --> Undefined array key "username"
#0 C:\xampp\htdocs\wikiplace\app\Controllers\UserController.php(197): CodeIgniter\Debug\Exceptions->errorHandler(2, 'Undefined array...', 'C:\\xampp\\htdocs...', 197)
#1 C:\xampp\htdocs\wikiplace\system\CodeIgniter.php(832): App\Controllers\UserController->editProfile()
#2 C:\xampp\htdocs\wikiplace\system\CodeIgniter.php(419): CodeIgniter\CodeIgniter->runController(Object(App\Controllers\UserController))
#3 C:\xampp\htdocs\wikiplace\system\CodeIgniter.php(326): CodeIgniter\CodeIgniter->handleRequest(NULL, Object(Config\Cache), false)
#4 C:\xampp\htdocs\wikiplace\public\index.php(37): CodeIgniter\CodeIgniter->run()
#5 {main}
<<<<<<< HEAD
CRITICAL - 2022-05-28 11:59:44 --> Undefined array key "username"
#0 C:\xampp\htdocs\wikiplace\app\Controllers\UserController.php(197): CodeIgniter\Debug\Exceptions->errorHandler(2, 'Undefined array...', 'C:\\xampp\\htdocs...', 197)
#1 C:\xampp\htdocs\wikiplace\system\CodeIgniter.php(832): App\Controllers\UserController->editProfile()
#2 C:\xampp\htdocs\wikiplace\system\CodeIgniter.php(419): CodeIgniter\CodeIgniter->runController(Object(App\Controllers\UserController))
#3 C:\xampp\htdocs\wikiplace\system\CodeIgniter.php(326): CodeIgniter\CodeIgniter->handleRequest(NULL, Object(Config\Cache), false)
#4 C:\xampp\htdocs\wikiplace\public\index.php(37): CodeIgniter\CodeIgniter->run()
#5 {main}
CRITICAL - 2022-05-28 12:01:34 --> Undefined array key "username"
#0 C:\xampp\htdocs\wikiplace\app\Controllers\UserController.php(197): CodeIgniter\Debug\Exceptions->errorHandler(2, 'Undefined array...', 'C:\\xampp\\htdocs...', 197)
#1 C:\xampp\htdocs\wikiplace\system\CodeIgniter.php(832): App\Controllers\UserController->editProfile()
#2 C:\xampp\htdocs\wikiplace\system\CodeIgniter.php(419): CodeIgniter\CodeIgniter->runController(Object(App\Controllers\UserController))
#3 C:\xampp\htdocs\wikiplace\system\CodeIgniter.php(326): CodeIgniter\CodeIgniter->handleRequest(NULL, Object(Config\Cache), false)
#4 C:\xampp\htdocs\wikiplace\public\index.php(37): CodeIgniter\CodeIgniter->run()
#5 {main}
CRITICAL - 2022-05-28 12:03:26 --> unlink(C:\xampp\htdocs\wikiplace\writable\debugbar/debugbar_1653734040.json): No such file or directory
#0 [internal function]: CodeIgniter\Debug\Exceptions->errorHandler(2, 'unlink(C:\\xampp...', 'C:\\xampp\\htdocs...', 74)
#1 C:\xampp\htdocs\wikiplace\system\Debug\Toolbar\Collectors\History.php(74): unlink('C:\\xampp\\htdocs...')
#2 C:\xampp\htdocs\wikiplace\system\Debug\Toolbar.php(487): CodeIgniter\Debug\Toolbar\Collectors\History->setFiles(1653757404, 20)
#3 C:\xampp\htdocs\wikiplace\system\Debug\Toolbar.php(464): CodeIgniter\Debug\Toolbar->format(Array, 'html')
#4 C:\xampp\htdocs\wikiplace\app\Config\Events.php(48): CodeIgniter\Debug\Toolbar->respond()
#5 C:\xampp\htdocs\wikiplace\system\Events\Events.php(149): CodeIgniter\Events\Events::Config\{closure}()
#6 C:\xampp\htdocs\wikiplace\system\CodeIgniter.php(308): CodeIgniter\Events\Events::trigger('pre_system')
#7 C:\xampp\htdocs\wikiplace\public\index.php(37): CodeIgniter\CodeIgniter->run()
#8 {main}
CRITICAL - 2022-05-28 12:03:26 --> unlink(C:\xampp\htdocs\wikiplace\writable\debugbar/debugbar_1653734040.json): No such file or directory
#0 [internal function]: CodeIgniter\Debug\Exceptions->errorHandler(2, 'unlink(C:\\xampp...', 'C:\\xampp\\htdocs...', 74)
#1 C:\xampp\htdocs\wikiplace\system\Debug\Toolbar\Collectors\History.php(74): unlink('C:\\xampp\\htdocs...')
#2 C:\xampp\htdocs\wikiplace\system\Debug\Toolbar.php(487): CodeIgniter\Debug\Toolbar\Collectors\History->setFiles(1653757404, 20)
#3 C:\xampp\htdocs\wikiplace\system\Debug\Toolbar.php(464): CodeIgniter\Debug\Toolbar->format(Array, 'html')
#4 C:\xampp\htdocs\wikiplace\app\Config\Events.php(48): CodeIgniter\Debug\Toolbar->respond()
#5 C:\xampp\htdocs\wikiplace\system\Events\Events.php(149): CodeIgniter\Events\Events::Config\{closure}()
#6 C:\xampp\htdocs\wikiplace\system\CodeIgniter.php(308): CodeIgniter\Events\Events::trigger('pre_system')
#7 C:\xampp\htdocs\wikiplace\public\index.php(37): CodeIgniter\CodeIgniter->run()
#8 {main}
CRITICAL - 2022-05-28 12:10:22 --> unlink(C:\xampp\htdocs\wikiplace\writable\debugbar/debugbar_1653734564.json): No such file or directory
#0 [internal function]: CodeIgniter\Debug\Exceptions->errorHandler(2, 'unlink(C:\\xampp...', 'C:\\xampp\\htdocs...', 74)
#1 C:\xampp\htdocs\wikiplace\system\Debug\Toolbar\Collectors\History.php(74): unlink('C:\\xampp\\htdocs...')
#2 C:\xampp\htdocs\wikiplace\system\Debug\Toolbar.php(487): CodeIgniter\Debug\Toolbar\Collectors\History->setFiles(1653757820, 20)
#3 C:\xampp\htdocs\wikiplace\system\Debug\Toolbar.php(464): CodeIgniter\Debug\Toolbar->format(Array, 'html')
#4 C:\xampp\htdocs\wikiplace\app\Config\Events.php(48): CodeIgniter\Debug\Toolbar->respond()
#5 C:\xampp\htdocs\wikiplace\system\Events\Events.php(149): CodeIgniter\Events\Events::Config\{closure}()
#6 C:\xampp\htdocs\wikiplace\system\CodeIgniter.php(308): CodeIgniter\Events\Events::trigger('pre_system')
#7 C:\xampp\htdocs\wikiplace\public\index.php(37): CodeIgniter\CodeIgniter->run()
#8 {main}
CRITICAL - 2022-05-28 12:10:32 --> unlink(C:\xampp\htdocs\wikiplace\writable\debugbar/debugbar_1653734577.json): No such file or directory
#0 [internal function]: CodeIgniter\Debug\Exceptions->errorHandler(2, 'unlink(C:\\xampp...', 'C:\\xampp\\htdocs...', 74)
#1 C:\xampp\htdocs\wikiplace\system\Debug\Toolbar\Collectors\History.php(74): unlink('C:\\xampp\\htdocs...')
#2 C:\xampp\htdocs\wikiplace\system\Debug\Toolbar.php(487): CodeIgniter\Debug\Toolbar\Collectors\History->setFiles(1653757831, 20)
#3 C:\xampp\htdocs\wikiplace\system\Debug\Toolbar.php(464): CodeIgniter\Debug\Toolbar->format(Array, 'html')
#4 C:\xampp\htdocs\wikiplace\app\Config\Events.php(48): CodeIgniter\Debug\Toolbar->respond()
#5 C:\xampp\htdocs\wikiplace\system\Events\Events.php(149): CodeIgniter\Events\Events::Config\{closure}()
#6 C:\xampp\htdocs\wikiplace\system\CodeIgniter.php(308): CodeIgniter\Events\Events::trigger('pre_system')
#7 C:\xampp\htdocs\wikiplace\public\index.php(37): CodeIgniter\CodeIgniter->run()
#8 {main}
CRITICAL - 2022-05-28 12:10:39 --> unlink(C:\xampp\htdocs\wikiplace\writable\debugbar/debugbar_1653734601.json): No such file or directory
#0 [internal function]: CodeIgniter\Debug\Exceptions->errorHandler(2, 'unlink(C:\\xampp...', 'C:\\xampp\\htdocs...', 74)
#1 C:\xampp\htdocs\wikiplace\system\Debug\Toolbar\Collectors\History.php(74): unlink('C:\\xampp\\htdocs...')
#2 C:\xampp\htdocs\wikiplace\system\Debug\Toolbar.php(487): CodeIgniter\Debug\Toolbar\Collectors\History->setFiles(1653757838, 20)
#3 C:\xampp\htdocs\wikiplace\system\Debug\Toolbar.php(464): CodeIgniter\Debug\Toolbar->format(Array, 'html')
#4 C:\xampp\htdocs\wikiplace\app\Config\Events.php(48): CodeIgniter\Debug\Toolbar->respond()
#5 C:\xampp\htdocs\wikiplace\system\Events\Events.php(149): CodeIgniter\Events\Events::Config\{closure}()
#6 C:\xampp\htdocs\wikiplace\system\CodeIgniter.php(308): CodeIgniter\Events\Events::trigger('pre_system')
#7 C:\xampp\htdocs\wikiplace\public\index.php(37): CodeIgniter\CodeIgniter->run()
#8 {main}
CRITICAL - 2022-05-28 12:10:52 --> Got a packet bigger than 'max_allowed_packet' bytes
#0 C:\xampp\htdocs\wikiplace\system\Database\MySQLi\Connection.php(292): mysqli->query('UPDATE `user` S...', 0)
#1 C:\xampp\htdocs\wikiplace\system\Database\BaseConnection.php(670): CodeIgniter\Database\MySQLi\Connection->execute('UPDATE `user` S...')
#2 C:\xampp\htdocs\wikiplace\system\Database\BaseConnection.php(598): CodeIgniter\Database\BaseConnection->simpleQuery('UPDATE `user` S...')
#3 C:\xampp\htdocs\wikiplace\system\Database\BaseBuilder.php(1913): CodeIgniter\Database\BaseConnection->query('UPDATE `user` S...', Array, false)
#4 C:\xampp\htdocs\wikiplace\app\Controllers\UserController.php(258): CodeIgniter\Database\BaseBuilder->update()
#5 C:\xampp\htdocs\wikiplace\system\CodeIgniter.php(832): App\Controllers\UserController->updateProfilePic()
#6 C:\xampp\htdocs\wikiplace\system\CodeIgniter.php(419): CodeIgniter\CodeIgniter->runController(Object(App\Controllers\UserController))
#7 C:\xampp\htdocs\wikiplace\system\CodeIgniter.php(326): CodeIgniter\CodeIgniter->handleRequest(NULL, Object(Config\Cache), false)
#8 C:\xampp\htdocs\wikiplace\public\index.php(37): CodeIgniter\CodeIgniter->run()
#9 {main}
CRITICAL - 2022-05-28 12:10:52 --> Uncaught CodeIgniter\Format\Exceptions\FormatException: Failed to parse json string, error: "Malformed UTF-8 characters, possibly incorrectly encoded". in C:\xampp\htdocs\wikiplace\system\Format\JSONFormatter.php:41
Stack trace:
#0 C:\xampp\htdocs\wikiplace\system\Format\JSONFormatter.php(41): CodeIgniter\Format\Exceptions\FormatException::forInvalidJSON('Malformed UTF-8...')
#1 C:\xampp\htdocs\wikiplace\system\API\ResponseTrait.php(341): CodeIgniter\Format\JSONFormatter->format(Array)
#2 C:\xampp\htdocs\wikiplace\system\API\ResponseTrait.php(99): CodeIgniter\Debug\Exceptions->format(Array)
#3 C:\xampp\htdocs\wikiplace\system\Debug\Exceptions.php(115): CodeIgniter\Debug\Exceptions->respond(Array, 500)
#4 [internal function]: CodeIgniter\Debug\Exceptions->exceptionHandler(Object(mysqli_sql_exception))
#5 {main}
  thrown
#0 [internal function]: CodeIgniter\Debug\Exceptions->shutdownHandler()
#1 {main}
CRITICAL - 2022-05-28 12:10:54 --> unlink(C:\xampp\htdocs\wikiplace\writable\debugbar/debugbar_1653734643.json): No such file or directory
#0 [internal function]: CodeIgniter\Debug\Exceptions->errorHandler(2, 'unlink(C:\\xampp...', 'C:\\xampp\\htdocs...', 74)
#1 C:\xampp\htdocs\wikiplace\system\Debug\Toolbar\Collectors\History.php(74): unlink('C:\\xampp\\htdocs...')
#2 C:\xampp\htdocs\wikiplace\system\Debug\Toolbar.php(487): CodeIgniter\Debug\Toolbar\Collectors\History->setFiles(1653757853, 20)
#3 C:\xampp\htdocs\wikiplace\system\Debug\Toolbar.php(464): CodeIgniter\Debug\Toolbar->format(Array, 'html')
#4 C:\xampp\htdocs\wikiplace\app\Config\Events.php(48): CodeIgniter\Debug\Toolbar->respond()
#5 C:\xampp\htdocs\wikiplace\system\Events\Events.php(149): CodeIgniter\Events\Events::Config\{closure}()
#6 C:\xampp\htdocs\wikiplace\system\CodeIgniter.php(308): CodeIgniter\Events\Events::trigger('pre_system')
#7 C:\xampp\htdocs\wikiplace\public\index.php(37): CodeIgniter\CodeIgniter->run()
#8 {main}
CRITICAL - 2022-05-28 12:11:36 --> unlink(C:\xampp\htdocs\wikiplace\writable\debugbar/debugbar_1653734709.json): No such file or directory
#0 [internal function]: CodeIgniter\Debug\Exceptions->errorHandler(2, 'unlink(C:\\xampp...', 'C:\\xampp\\htdocs...', 74)
#1 C:\xampp\htdocs\wikiplace\system\Debug\Toolbar\Collectors\History.php(74): unlink('C:\\xampp\\htdocs...')
#2 C:\xampp\htdocs\wikiplace\system\Debug\Toolbar.php(487): CodeIgniter\Debug\Toolbar\Collectors\History->setFiles(1653757895, 20)
#3 C:\xampp\htdocs\wikiplace\system\Debug\Toolbar.php(464): CodeIgniter\Debug\Toolbar->format(Array, 'html')
#4 C:\xampp\htdocs\wikiplace\app\Config\Events.php(48): CodeIgniter\Debug\Toolbar->respond()
#5 C:\xampp\htdocs\wikiplace\system\Events\Events.php(149): CodeIgniter\Events\Events::Config\{closure}()
#6 C:\xampp\htdocs\wikiplace\system\CodeIgniter.php(308): CodeIgniter\Events\Events::trigger('pre_system')
#7 C:\xampp\htdocs\wikiplace\public\index.php(37): CodeIgniter\CodeIgniter->run()
#8 {main}
CRITICAL - 2022-05-28 12:12:00 --> unlink(C:\xampp\htdocs\wikiplace\writable\debugbar/debugbar_1653734714.json): No such file or directory
#0 [internal function]: CodeIgniter\Debug\Exceptions->errorHandler(2, 'unlink(C:\\xampp...', 'C:\\xampp\\htdocs...', 74)
#1 C:\xampp\htdocs\wikiplace\system\Debug\Toolbar\Collectors\History.php(74): unlink('C:\\xampp\\htdocs...')
#2 C:\xampp\htdocs\wikiplace\system\Debug\Toolbar.php(487): CodeIgniter\Debug\Toolbar\Collectors\History->setFiles(1653757919, 20)
#3 C:\xampp\htdocs\wikiplace\system\Debug\Toolbar.php(464): CodeIgniter\Debug\Toolbar->format(Array, 'html')
#4 C:\xampp\htdocs\wikiplace\app\Config\Events.php(48): CodeIgniter\Debug\Toolbar->respond()
#5 C:\xampp\htdocs\wikiplace\system\Events\Events.php(149): CodeIgniter\Events\Events::Config\{closure}()
#6 C:\xampp\htdocs\wikiplace\system\CodeIgniter.php(308): CodeIgniter\Events\Events::trigger('pre_system')
#7 C:\xampp\htdocs\wikiplace\public\index.php(37): CodeIgniter\CodeIgniter->run()
#8 {main}
CRITICAL - 2022-05-28 12:12:02 --> unlink(C:\xampp\htdocs\wikiplace\writable\debugbar/debugbar_1653734828.json): No such file or directory
#0 [internal function]: CodeIgniter\Debug\Exceptions->errorHandler(2, 'unlink(C:\\xampp...', 'C:\\xampp\\htdocs...', 74)
#1 C:\xampp\htdocs\wikiplace\system\Debug\Toolbar\Collectors\History.php(74): unlink('C:\\xampp\\htdocs...')
#2 C:\xampp\htdocs\wikiplace\system\Debug\Toolbar.php(487): CodeIgniter\Debug\Toolbar\Collectors\History->setFiles(1653757922, 20)
#3 C:\xampp\htdocs\wikiplace\system\Debug\Toolbar.php(464): CodeIgniter\Debug\Toolbar->format(Array, 'html')
#4 C:\xampp\htdocs\wikiplace\app\Config\Events.php(48): CodeIgniter\Debug\Toolbar->respond()
#5 C:\xampp\htdocs\wikiplace\system\Events\Events.php(149): CodeIgniter\Events\Events::Config\{closure}()
#6 C:\xampp\htdocs\wikiplace\system\CodeIgniter.php(308): CodeIgniter\Events\Events::trigger('pre_system')
#7 C:\xampp\htdocs\wikiplace\public\index.php(37): CodeIgniter\CodeIgniter->run()
#8 {main}
=======
CRITICAL - 2022-05-28 08:30:31 --> syntax error, unexpected 'base_url' (T_STRING), expecting ',' or ';'
#0 C:\wamp64\www\wikiplace\system\Router\Router.php(175): CodeIgniter\Router\Router->autoRoute('spotController/...')
#1 C:\wamp64\www\wikiplace\system\CodeIgniter.php(726): CodeIgniter\Router\Router->handle('spotController/...')
#2 C:\wamp64\www\wikiplace\system\CodeIgniter.php(368): CodeIgniter\CodeIgniter->tryToRouteIt(Object(CodeIgniter\Router\RouteCollection))
#3 C:\wamp64\www\wikiplace\system\CodeIgniter.php(326): CodeIgniter\CodeIgniter->handleRequest(NULL, Object(Config\Cache), false)
#4 C:\wamp64\www\wikiplace\public\index.php(37): CodeIgniter\CodeIgniter->run()
#5 {main}
CRITICAL - 2022-05-28 08:30:38 --> syntax error, unexpected 'base_url' (T_STRING), expecting ',' or ';'
#0 C:\wamp64\www\wikiplace\system\Router\Router.php(175): CodeIgniter\Router\Router->autoRoute('spotController/...')
#1 C:\wamp64\www\wikiplace\system\CodeIgniter.php(726): CodeIgniter\Router\Router->handle('spotController/...')
#2 C:\wamp64\www\wikiplace\system\CodeIgniter.php(368): CodeIgniter\CodeIgniter->tryToRouteIt(Object(CodeIgniter\Router\RouteCollection))
#3 C:\wamp64\www\wikiplace\system\CodeIgniter.php(326): CodeIgniter\CodeIgniter->handleRequest(NULL, Object(Config\Cache), false)
#4 C:\wamp64\www\wikiplace\public\index.php(37): CodeIgniter\CodeIgniter->run()
#5 {main}
CRITICAL - 2022-05-28 08:30:53 --> syntax error, unexpected 'base_url' (T_STRING), expecting ',' or ';'
#0 C:\wamp64\www\wikiplace\system\Router\Router.php(175): CodeIgniter\Router\Router->autoRoute('spotController/...')
#1 C:\wamp64\www\wikiplace\system\CodeIgniter.php(726): CodeIgniter\Router\Router->handle('spotController/...')
#2 C:\wamp64\www\wikiplace\system\CodeIgniter.php(368): CodeIgniter\CodeIgniter->tryToRouteIt(Object(CodeIgniter\Router\RouteCollection))
#3 C:\wamp64\www\wikiplace\system\CodeIgniter.php(326): CodeIgniter\CodeIgniter->handleRequest(NULL, Object(Config\Cache), false)
#4 C:\wamp64\www\wikiplace\public\index.php(37): CodeIgniter\CodeIgniter->run()
#5 {main}
CRITICAL - 2022-05-28 08:31:18 --> syntax error, unexpected 'base_url' (T_STRING), expecting ',' or ';'
#0 C:\wamp64\www\wikiplace\system\Router\Router.php(175): CodeIgniter\Router\Router->autoRoute('spotController/...')
#1 C:\wamp64\www\wikiplace\system\CodeIgniter.php(726): CodeIgniter\Router\Router->handle('spotController/...')
#2 C:\wamp64\www\wikiplace\system\CodeIgniter.php(368): CodeIgniter\CodeIgniter->tryToRouteIt(Object(CodeIgniter\Router\RouteCollection))
#3 C:\wamp64\www\wikiplace\system\CodeIgniter.php(326): CodeIgniter\CodeIgniter->handleRequest(NULL, Object(Config\Cache), false)
#4 C:\wamp64\www\wikiplace\public\index.php(37): CodeIgniter\CodeIgniter->run()
#5 {main}
CRITICAL - 2022-05-28 08:31:21 --> syntax error, unexpected 'base_url' (T_STRING), expecting ',' or ';'
#0 C:\wamp64\www\wikiplace\system\Router\Router.php(175): CodeIgniter\Router\Router->autoRoute('spotController/...')
#1 C:\wamp64\www\wikiplace\system\CodeIgniter.php(726): CodeIgniter\Router\Router->handle('spotController/...')
#2 C:\wamp64\www\wikiplace\system\CodeIgniter.php(368): CodeIgniter\CodeIgniter->tryToRouteIt(Object(CodeIgniter\Router\RouteCollection))
#3 C:\wamp64\www\wikiplace\system\CodeIgniter.php(326): CodeIgniter\CodeIgniter->handleRequest(NULL, Object(Config\Cache), false)
#4 C:\wamp64\www\wikiplace\public\index.php(37): CodeIgniter\CodeIgniter->run()
#5 {main}
CRITICAL - 2022-05-28 08:32:30 --> syntax error, unexpected 'base_url' (T_STRING), expecting ',' or ';'
#0 C:\wamp64\www\wikiplace\system\Router\Router.php(175): CodeIgniter\Router\Router->autoRoute('spotController/...')
#1 C:\wamp64\www\wikiplace\system\CodeIgniter.php(726): CodeIgniter\Router\Router->handle('spotController/...')
#2 C:\wamp64\www\wikiplace\system\CodeIgniter.php(368): CodeIgniter\CodeIgniter->tryToRouteIt(Object(CodeIgniter\Router\RouteCollection))
#3 C:\wamp64\www\wikiplace\system\CodeIgniter.php(326): CodeIgniter\CodeIgniter->handleRequest(NULL, Object(Config\Cache), false)
#4 C:\wamp64\www\wikiplace\public\index.php(37): CodeIgniter\CodeIgniter->run()
#5 {main}
CRITICAL - 2022-05-28 08:32:52 --> syntax error, unexpected '$base_url' (T_VARIABLE), expecting ',' or ';'
#0 C:\wamp64\www\wikiplace\system\Router\Router.php(175): CodeIgniter\Router\Router->autoRoute('spotController/...')
#1 C:\wamp64\www\wikiplace\system\CodeIgniter.php(726): CodeIgniter\Router\Router->handle('spotController/...')
#2 C:\wamp64\www\wikiplace\system\CodeIgniter.php(368): CodeIgniter\CodeIgniter->tryToRouteIt(Object(CodeIgniter\Router\RouteCollection))
#3 C:\wamp64\www\wikiplace\system\CodeIgniter.php(326): CodeIgniter\CodeIgniter->handleRequest(NULL, Object(Config\Cache), false)
#4 C:\wamp64\www\wikiplace\public\index.php(37): CodeIgniter\CodeIgniter->run()
#5 {main}
CRITICAL - 2022-05-28 08:33:31 --> syntax error, unexpected '$base_url' (T_VARIABLE), expecting ',' or ';'
#0 C:\wamp64\www\wikiplace\system\Router\Router.php(175): CodeIgniter\Router\Router->autoRoute('spotController/...')
#1 C:\wamp64\www\wikiplace\system\CodeIgniter.php(726): CodeIgniter\Router\Router->handle('spotController/...')
#2 C:\wamp64\www\wikiplace\system\CodeIgniter.php(368): CodeIgniter\CodeIgniter->tryToRouteIt(Object(CodeIgniter\Router\RouteCollection))
#3 C:\wamp64\www\wikiplace\system\CodeIgniter.php(326): CodeIgniter\CodeIgniter->handleRequest(NULL, Object(Config\Cache), false)
#4 C:\wamp64\www\wikiplace\public\index.php(37): CodeIgniter\CodeIgniter->run()
#5 {main}
CRITICAL - 2022-05-28 08:34:00 --> syntax error, unexpected 'base_url' (T_STRING), expecting ',' or ';'
#0 C:\wamp64\www\wikiplace\system\Router\Router.php(175): CodeIgniter\Router\Router->autoRoute('spotController/...')
#1 C:\wamp64\www\wikiplace\system\CodeIgniter.php(726): CodeIgniter\Router\Router->handle('spotController/...')
#2 C:\wamp64\www\wikiplace\system\CodeIgniter.php(368): CodeIgniter\CodeIgniter->tryToRouteIt(Object(CodeIgniter\Router\RouteCollection))
#3 C:\wamp64\www\wikiplace\system\CodeIgniter.php(326): CodeIgniter\CodeIgniter->handleRequest(NULL, Object(Config\Cache), false)
#4 C:\wamp64\www\wikiplace\public\index.php(37): CodeIgniter\CodeIgniter->run()
#5 {main}
CRITICAL - 2022-05-28 08:34:59 --> syntax error, unexpected 'base_url' (T_STRING), expecting ',' or ';'
#0 C:\wamp64\www\wikiplace\system\Router\Router.php(175): CodeIgniter\Router\Router->autoRoute('spotController/...')
#1 C:\wamp64\www\wikiplace\system\CodeIgniter.php(726): CodeIgniter\Router\Router->handle('spotController/...')
#2 C:\wamp64\www\wikiplace\system\CodeIgniter.php(368): CodeIgniter\CodeIgniter->tryToRouteIt(Object(CodeIgniter\Router\RouteCollection))
#3 C:\wamp64\www\wikiplace\system\CodeIgniter.php(326): CodeIgniter\CodeIgniter->handleRequest(NULL, Object(Config\Cache), false)
#4 C:\wamp64\www\wikiplace\public\index.php(37): CodeIgniter\CodeIgniter->run()
#5 {main}
CRITICAL - 2022-05-28 08:35:00 --> syntax error, unexpected 'base_url' (T_STRING), expecting ',' or ';'
#0 C:\wamp64\www\wikiplace\system\Router\Router.php(175): CodeIgniter\Router\Router->autoRoute('spotController/...')
#1 C:\wamp64\www\wikiplace\system\CodeIgniter.php(726): CodeIgniter\Router\Router->handle('spotController/...')
#2 C:\wamp64\www\wikiplace\system\CodeIgniter.php(368): CodeIgniter\CodeIgniter->tryToRouteIt(Object(CodeIgniter\Router\RouteCollection))
#3 C:\wamp64\www\wikiplace\system\CodeIgniter.php(326): CodeIgniter\CodeIgniter->handleRequest(NULL, Object(Config\Cache), false)
#4 C:\wamp64\www\wikiplace\public\index.php(37): CodeIgniter\CodeIgniter->run()
#5 {main}
CRITICAL - 2022-05-28 09:11:54 --> syntax error, unexpected 'return' (T_RETURN), expecting ',' or ';'
#0 C:\wamp64\www\wikiplace\system\Router\Router.php(175): CodeIgniter\Router\Router->autoRoute('spotController/...')
#1 C:\wamp64\www\wikiplace\system\CodeIgniter.php(726): CodeIgniter\Router\Router->handle('spotController/...')
#2 C:\wamp64\www\wikiplace\system\CodeIgniter.php(368): CodeIgniter\CodeIgniter->tryToRouteIt(Object(CodeIgniter\Router\RouteCollection))
#3 C:\wamp64\www\wikiplace\system\CodeIgniter.php(326): CodeIgniter\CodeIgniter->handleRequest(NULL, Object(Config\Cache), false)
#4 C:\wamp64\www\wikiplace\public\index.php(37): CodeIgniter\CodeIgniter->run()
#5 {main}
>>>>>>> 776e50602a17db30526cade4a2181f8c169b2413
